Using Girl ID: 22859132
Loaded cookies from files/cookies.json
Navigating to reservation page: https://www.cityheaven.net/niigata/A1501/A150101/arabiannight/A6ShopReservation/?girl_id=22859132
>> GET https://www.cityheaven.net/niigata/A1501/A150101/arabiannight/A6ShopReservation/?girl_id=22859132
<< 200 https://www.cityheaven.net/niigata/A1501/A150101/arabiannight/A6ShopReservation/?girl_id=22859132
>> GET https://img2.cityheaven.net/pcfrontend/css/header_s.min.css?cache01=1767748609
>> GET https://img2.cityheaven.net/pcfrontend/css/guide_shop.css?cache01=1737336065
>> GET https://img2.cityheaven.net/img/shop/n/arabiannight/pcstyle.css?cache01=1771133857
>> GET https://img2.cityheaven.net/pcfrontend/css/fakeLoader.css?cache01=1435614171
>> GET https://img2.cityheaven.net/pcfrontend/css/slideoption.css?cache01=1443661252
>> GET https://img2.cityheaven.net/pcfrontend/css/vegas.min.css?cache01=1440550915
>> GET https://img2.cityheaven.net/pcfrontend/js/login-sms.js?cache01=1665454703
>> GET https://img2.cityheaven.net/pcfrontend/js/echo-pyramid.js?cache01=1539822715
>> GET https://img2.cityheaven.net/pcfrontend/js/do-echo-psi.js?cache01=1543976273
>> GET https://img2.cityheaven.net/pcfrontend/js/slide/jquery-1.9.1.min.js?cache01=1435614174
>> GET https://img2.cityheaven.net/pcfrontend/js/headers.min.js?cache01=1559528643
>> GET https://img2.cityheaven.net/pcfrontend/js/jquery.flexslider-min.js?cache01=1576034986
>> GET https://img2.cityheaven.net/pcfrontend/js/fakeLoader.js?cache01=1438834060
>> GET https://img2.cityheaven.net/pcfrontend/js/netReserveIframe.js?cache01=1528763650
>> GET https://img2.cityheaven.net/pcfrontend/js/jquery.bxslider.js?cache01=1472603445
>> GET https://img2.cityheaven.net/pcfrontend/js/wow.min.js?cache01=1472603445
>> GET https://img2.cityheaven.net/pcfrontend/css/animate.css?cache01=1472603445
>> GET https://img2.cityheaven.net/pcfrontend/js/login_access_date_save.js?cache01=1715216427
>> GET https://img2.cityheaven.net/pcfrontend/css/keepFunction.css?cache01=1718674181
>> GET https://img2.cityheaven.net/pcfrontend/js/keepLocalStorage.js?cache01=1721868863
>> GET https://img2.cityheaven.net/pcfrontend/js/keep_sidebar_drawer.js?cache01=1721868863
>> GET https://img2.cityheaven.net/pcfrontend/js/jquery.inview.min.js?cache01=1523323118
>> GET https://img2.cityheaven.net/img/icon/keep/icon-star_w.png?cache02=1521092410&imgopt=y
>> GET https://img2.cityheaven.net/img/icon/keep/icon-history_w.png?cache02=1521092410&imgopt=y
>> GET https://img2.cityheaven.net/img/icon/icon-chat2.png?cache02=1555375743&imgopt=y
>> GET https://img2.cityheaven.net/pcfrontend/js/keep_sidebar.js?cache01=1721868863
>> GET https://img2.cityheaven.net/img/shop/n/arabiannight/shkb2310001233_1_20250827230009pc.jpeg?cache02=1&imgopt=y
>> GET https://img2.cityheaven.net/pcfrontend/css/head.css?cache01=1738805957
>> GET https://img2.cityheaven.net/pcfrontend/js/async_pjs.js?cache01=1627346044
>> GET https://img2.cityheaven.net/pcfrontend/js/jquery.leanModal.min.js?cache01=1642569365
>> GET https://img2.cityheaven.net/pcfrontend/js/common-guide.js?cache01=1712039083
>> GET https://img2.cityheaven.net/pcfrontend/js/css_browser_selector.js?cache01=1466757573
>> GET https://img2.cityheaven.net/img/login/free.png?imgopt=y
>> GET https://img.cityheaven.net/img/icon/icon_guidearrow-up.png?imgopt=y&cache02=1473300242
>> GET https://img2.cityheaven.net/img/icon/header/logo/logo1_pc.png?imgopt=y&cache02=1613448444
>> GET https://img2.cityheaven.net/pcfrontend/js/guide_renewalheadermenu.js?cache01=1713846468
>> GET https://img2.cityheaven.net/pcfrontend/js/savh1.js?cache01=1435614173
>> GET https://img2.cityheaven.net/pcfrontend/js/guide_header.js?cache01=1555374641
>> GET https://img2.cityheaven.net/pcfrontend/js/z/actionChatBtn.js?cache01=1676253440
>> GET https://img2.cityheaven.net/pcfrontend/css/footer.css?cache01=1722301456
>> GET https://d-markets.net/markets/js/pjs.js
>> GET https://img2.cityheaven.net/pcfrontend/css/footer_seo.css?cache01=1689643748
>> GET https://img2.cityheaven.net/img/icon/header/logo/footer_logo_pc.png?cache02=1488858154&imgopt=y
>> GET https://img.cityheaven.net/youtube/thum/icon_youtube_footer.png
>> GET https://img.cityheaven.net/img/youtube/thum/youtube_social_icon_tv.png
>> GET https://translate.google.com/translate_a/element.js?cb=googleTranslateElementInit
>> GET https://img2.cityheaven.net/pcfrontend/js/shopTranslation.js?cache01=1653879359
>> GET https://cdnjs.cloudflare.com/ajax/libs/fingerprintjs2/1.8.6/fingerprint2.min.js
<< 200 https://img2.cityheaven.net/pcfrontend/css/guide_shop.css?cache01=1737336065
<< 200 https://img2.cityheaven.net/pcfrontend/css/header_s.min.css?cache01=1767748609
<< 200 https://img2.cityheaven.net/pcfrontend/js/jquery.flexslider-min.js?cache01=1576034986
<< 200 https://img2.cityheaven.net/pcfrontend/css/fakeLoader.css?cache01=1435614171
<< 200 https://img2.cityheaven.net/pcfrontend/css/animate.css?cache01=1472603445
<< 200 https://img2.cityheaven.net/pcfrontend/css/slideoption.css?cache01=1443661252
<< 200 https://img2.cityheaven.net/img/shop/n/arabiannight/pcstyle.css?cache01=1771133857
<< 200 https://img2.cityheaven.net/pcfrontend/js/fakeLoader.js?cache01=1438834060
<< 200 https://img2.cityheaven.net/pcfrontend/css/vegas.min.css?cache01=1440550915
<< 200 https://img2.cityheaven.net/pcfrontend/css/keepFunction.css?cache01=1718674181
<< 200 https://img2.cityheaven.net/pcfrontend/js/slide/jquery-1.9.1.min.js?cache01=1435614174
<< 200 https://img2.cityheaven.net/pcfrontend/js/netReserveIframe.js?cache01=1528763650
<< 200 https://img2.cityheaven.net/pcfrontend/js/jquery.bxslider.js?cache01=1472603445
<< 200 https://img2.cityheaven.net/pcfrontend/js/wow.min.js?cache01=1472603445
<< 200 https://img2.cityheaven.net/pcfrontend/js/login_access_date_save.js?cache01=1715216427
>> GET https://sc.sc-analytics.jp/sr.gif?d=r1243029529986.2085
>> POST https://www.cityheaven.net/api/myheaven/v1/shogo_login
>> GET https://www.googletagmanager.com/gtm.js?id=GTM-TSS5SBW
<< 200 https://img2.cityheaven.net/img/icon/keep/icon-history_w.png?cache02=1521092410&imgopt=y
<< 200 https://img2.cityheaven.net/img/icon/keep/icon-star_w.png?cache02=1521092410&imgopt=y
<< 200 https://img2.cityheaven.net/pcfrontend/js/async_pjs.js?cache01=1627346044
<< 200 https://img2.cityheaven.net/img/icon/icon-chat2.png?cache02=1555375743&imgopt=y
<< 200 https://img2.cityheaven.net/pcfrontend/js/css_browser_selector.js?cache01=1466757573
<< 200 https://img2.cityheaven.net/pcfrontend/js/common-guide.js?cache01=1712039083
<< 200 https://img2.cityheaven.net/img/shop/n/arabiannight/shkb2310001233_1_20250827230009pc.jpeg?cache02=1&imgopt=y
<< 200 https://img2.cityheaven.net/pcfrontend/css/head.css?cache01=1738805957
<< 200 https://img2.cityheaven.net/pcfrontend/css/footer.css?cache01=1722301456
<< 200 https://img2.cityheaven.net/pcfrontend/css/footer_seo.css?cache01=1689643748
<< 200 https://img2.cityheaven.net/pcfrontend/js/jquery.leanModal.min.js?cache01=1642569365
<< 200 https://img2.cityheaven.net/pcfrontend/js/guide_header.js?cache01=1555374641
<< 200 https://img2.cityheaven.net/pcfrontend/js/login-sms.js?cache01=1665454703
<< 200 https://img2.cityheaven.net/pcfrontend/js/echo-pyramid.js?cache01=1539822715
<< 200 https://img2.cityheaven.net/pcfrontend/js/headers.min.js?cache01=1559528643
<< 200 https://img2.cityheaven.net/pcfrontend/js/keepLocalStorage.js?cache01=1721868863
<< 200 https://img2.cityheaven.net/img/login/free.png?imgopt=y
<< 200 https://img2.cityheaven.net/pcfrontend/js/keep_sidebar_drawer.js?cache01=1721868863
<< 200 https://www.cityheaven.net/api/myheaven/v1/shogo_login
>> GET https://img2.cityheaven.net/img/icon/icon_myore.png?imgopt=y
>> GET https://img2.cityheaven.net/img/icon/icon_001_w1.png?imgopt=y
<< 200 https://img2.cityheaven.net/pcfrontend/js/guide_renewalheadermenu.js?cache01=1713846468
<< 200 https://img2.cityheaven.net/pcfrontend/js/savh1.js?cache01=1435614173
<< 200 https://img2.cityheaven.net/pcfrontend/js/do-echo-psi.js?cache01=1543976273
>> GET https://www.cityheaven.net/niigata/A1501/A150101/arabiannight/S6ShareToReservationLogin/?forward=F1&girl_id=22859132&pcmode=sp
<< 200 https://img2.cityheaven.net/img/icon/header/logo/logo1_pc.png?imgopt=y&cache02=1613448444
<< 200 https://img2.cityheaven.net/img/icon/header/logo/footer_logo_pc.png?cache02=1488858154&imgopt=y
<< 200 https://img2.cityheaven.net/pcfrontend/js/jquery.inview.min.js?cache01=1523323118
<< 200 https://img2.cityheaven.net/pcfrontend/js/keep_sidebar.js?cache01=1721868863
>> GET https://img2.cityheaven.net/img/designeditshoppc/oblique_white.png?cache02=1519689600_for_psi&imgopt=y
>> GET https://img2.cityheaven.net/pcfrontend/fonts/fontawesome-webfont.woff2?v=4.3.0
<< 200 https://img2.cityheaven.net/pcfrontend/js/z/actionChatBtn.js?cache01=1676253440
<< 200 https://img2.cityheaven.net/pcfrontend/js/shopTranslation.js?cache01=1653879359
<< 200 https://img.cityheaven.net/youtube/thum/icon_youtube_footer.png
<< 200 https://img2.cityheaven.net/img/icon/icon_myore.png?imgopt=y
<< 200 https://img2.cityheaven.net/img/icon/icon_001_w1.png?imgopt=y
<< 200 https://img.cityheaven.net/img/icon/icon_guidearrow-up.png?imgopt=y&cache02=1473300242
<< 200 https://img.cityheaven.net/img/youtube/thum/youtube_social_icon_tv.png
<< 200 https://d-markets.net/markets/js/pjs.js
PAGE LOG: A parser-blocking, cross site (i.e. different eTLD+1) script, https://d-markets.net/markets/p/js?_loc=630409001&_district=tt&_guide=1300000000&_ref=&_login=1&_nocache=1771157708812, is invoked via document.write. The network request for this script MAY be blocked by the browser in this or a future page load due to poor network connectivity. If blocked in this page load, it will be confirmed in a subsequent console message. See https://www.chromestatus.com/feature/5718547946799104 for more details.
>> GET https://d-markets.net/markets/p/js?_loc=630409001&_district=tt&_guide=1300000000&_ref=&_login=1&_nocache=1771157708812
PAGE LOG: A parser-blocking, cross site (i.e. different eTLD+1) script, https://d-markets.net/markets/p/js?_loc=630409001&_district=tt&_guide=1300000000&_ref=&_login=1&_nocache=1771157708812, is invoked via document.write. The network request for this script MAY be blocked by the browser in this or a future page load due to poor network connectivity. If blocked in this page load, it will be confirmed in a subsequent console message. See https://www.chromestatus.com/feature/5718547946799104 for more details.
<< 200 https://img2.cityheaven.net/img/designeditshoppc/oblique_white.png?cache02=1519689600_for_psi&imgopt=y
<< 200 https://translate.google.com/translate_a/element.js?cb=googleTranslateElementInit
<< 200 https://cdnjs.cloudflare.com/ajax/libs/fingerprintjs2/1.8.6/fingerprint2.min.js
<< 200 https://d-markets.net/markets/p/js?_loc=630409001&_district=tt&_guide=1300000000&_ref=&_login=1&_nocache=1771157708812
>> GET https://img.cityheaven.net/img/adbanner2/adsv0002057159.jpg?cache02=20260210114456&imgopt=y
>> GET https://img.cityheaven.net/img/adbanner2/adsv0002054614.jpg?cache02=20260115113729&imgopt=y
>> GET https://img.cityheaven.net/img/adbanner2/adsv0002040893.gif?cache02=20260209103512&imgopt=y
>> GET https://www.gstatic.com/_/translate_http/_/ss/k=translate_http.tr.2f3WBw8L4SI.L.W.O/am=AAgG/d=0/rs=AN8SPfrhKfLNQThwPXviXzekz-H_oLcqkw/m=el_main_css
>> GET https://translate.googleapis.com/_/translate_http/_/js/k=translate_http.tr.en_GB.JjZfSChOVLA.O/am=AABA/d=1/exm=el_conf/ed=1/rs=AN8SPfoJonLzh6Z_4y19rFRA-Us8KTHTJg/m=el_main
>> GET https://d-cache.microad.jp/js/blade_track_jp.js
>> GET https://cdn.treasuredata.com/sdk/2.1/td.min.js
<< 200 https://www.googletagmanager.com/gtm.js?id=GTM-TSS5SBW
PAGE LOG: [.WebGL-0x96c0121bc00]GL Driver Message (OpenGL, Performance, GL_CLOSE_PATH_NV, High): GPU stall due to ReadPixels
<< 200 https://www.cityheaven.net/niigata/A1501/A150101/arabiannight/S6ShareToReservationLogin/?forward=F1&girl_id=22859132&pcmode=sp
<< 200 https://img.cityheaven.net/img/adbanner2/adsv0002057159.jpg?cache02=20260210114456&imgopt=y
<< 200 https://img.cityheaven.net/img/adbanner2/adsv0002040893.gif?cache02=20260209103512&imgopt=y
<< 200 https://img.cityheaven.net/img/adbanner2/adsv0002054614.jpg?cache02=20260115113729&imgopt=y
>> GET https://d-markets.net/markets/p/js?_loc=2092&_district=n&_guide=1500100001&_login=1&_ref=&_nocache=1771157709143&_write=off&_allow_domain=*
>> GET https://d-markets.net/markets/p/js?_loc=2091&_district=n&_guide=1500100001&_login=1&_ref=&_nocache=1771157709144&_write=off&_allow_domain=*
>> GET https://d-markets.net/markets/p/js?_loc=2053&_district=n&_guide=1500000000&_login=1&_ref=&_nocache=1771157709145&_write=off&_allow_domain=*
>> GET https://img2.cityheaven.net/spfrontend/js/login_access_date_save.js?cache01=1715216427
>> GET https://cdnjs.cloudflare.com/ajax/libs/fingerprintjs2/1.8.6/fingerprint2.min.js
<< 200 https://cdnjs.cloudflare.com/ajax/libs/fingerprintjs2/1.8.6/fingerprint2.min.js
>> GET https://www.cityheaven.net/
PAGE ERROR: rdelim is not defined
>> GET https://www.googletagmanager.com/gtag/js?id=G-2NCTT9GFHZ&cx=c&gtm=4e62b1
>> GET https://x9.shinobi.jp/ufo/453134877
>> GET https://sc.g-cdn.net/tracker-i/main.js
>> GET https://www.google-analytics.com/analytics.js
<< 200 https://img2.cityheaven.net/pcfrontend/fonts/fontawesome-webfont.woff2?v=4.3.0
<< 200 https://img2.cityheaven.net/spfrontend/js/login_access_date_save.js?cache01=1715216427
>> GET https://www.googletagmanager.com/gtm.js?id=GTM-TSS5SBW
<< 200 https://www.googletagmanager.com/gtm.js?id=GTM-TSS5SBW
>> GET https://sc.sc-analytics.jp/sr.gif?d=r6984580893658.21
>> GET https://cdn.treasuredata.com/sdk/2.1/td.min.js
PAGE LOG: [.WebGL-0x96c01221600]GL Driver Message (OpenGL, Performance, GL_CLOSE_PATH_NV, High): GPU stall due to ReadPixels
>> GET https://www.googletagmanager.com/gtag/js?id=G-2NCTT9GFHZ&cx=c&gtm=4e62b1
>> GET https://x9.shinobi.jp/ufo/453134877
>> GET https://genieedmp.com/dmp.js?c=1979&ver=2
>> GET https://sc.g-cdn.net/tracker-i/main.js
>> GET https://www.google-analytics.com/analytics.js
<< 200 https://www.googletagmanager.com/gtag/js?id=G-2NCTT9GFHZ&cx=c&gtm=4e62b1
<< 200 https://www.googletagmanager.com/gtag/js?id=G-2NCTT9GFHZ&cx=c&gtm=4e62b1
>> GET https://genieedmp.com/dmp.js?c=1821
<< 200 https://cdn.treasuredata.com/sdk/2.1/td.min.js
<< 200 https://cdn.treasuredata.com/sdk/2.1/td.min.js
>> POST https://analytics.google.com/g/collect?v=2&tid=G-2NCTT9GFHZ&gtm=45je62b1v894399366z876229786za20gzb76229786zd76229786&_p=1771157709302&_gaz=1&gcd=13l3l3l3l1l1&npa=0&dma=0&cid=1423702861.1771155414&ul=en-us&sr=1280x720&uaa=x86&uab=64&uafvl=Not%253AA-Brand%3B99.0.0.0%7CHeadlessChrome%3B145.0.7632.6%7CChromium%3B145.0.7632.6&uamb=0&uam=&uap=Windows&uapv=10.0&uaw=0&are=1&frm=1&pscdl=noapi&_eu=AAAAAGQ&_s=1&tag_exp=103116026~103200004~104527907~104528501~104684208~104684211~115616985~115938465~115938469~116988316~117527105&sid=1771155414&sct=1&seg=1&dl=https%3A%2F%2Fwww.cityheaven.net%2Fniigata%2FA1501%2FA150101%2Farabiannight%2FS6ShareToReservationLogin%2F%3Fforward%3DF1%26girl_id%3D22859132%26pcmode%3Dsp&dr=https%3A%2F%2Fwww.cityheaven.net%2Fniigata%2FA1501%2FA150101%2Farabiannight%2FA6ShopReservation%2F%3Fgirl_id%3D22859132&dt=rediret&uid=64521258&en=page_view&ep.useragent=Mozilla%2F5.0%20(Windows%20NT%2010.0%3B%20Win64%3B%20x64)%20AppleWebKit%2F537.36%20(KHTML%2C%20like%20Gecko)%20Chrome%2F121.0.0.0%20Safari%2F537.36&ep.timestamp=2026-02-15%2021%3A15%3A09&ep.domain_name=www.cityheaven.net&ep.device_info=PC&ep.pageurl_noparam=www.cityheaven.net%2Fniigata%2FA1501%2FA150101%2Farabiannight%2FS6ShareToReservationLogin%2F&ep.pageurl_param=https%3A%2F%2Fwww.cityheaven.net%2Fniigata%2FA1501%2FA150101%2Farabiannight%2FS6ShareToReservationLogin%2F%3Fforward%3DF1%26girl_id%3D22859132%26pcmode%3Dsp&ep.referrer_url=https%3A%2F%2Fwww.cityheaven.net%2Fniigata%2FA1501%2FA150101%2Farabiannight%2FA6ShopReservation%2F%3Fgirl_id%3D22859132&ep.second_directoryname=niigata&ep.third_directoryname=A1501&ep.title_text=rediret&ep.area_name_incl_pref=%E6%96%B0%E6%BD%9F&ep.area_name=&ep.pref_code=%E6%96%B0%E6%BD%9F%E7%9C%8C&ep.other_area=&ep.store_decision=&ep.guide_content=&up.clientId=1423702861.1771155414.&up.sys_userId=889015269706810%3A64521258&up.memberId=64521258&up.commuIdList=&tfd=855
>> GET https://www.google.com.sg/ads/ga-audiences?v=1&t=sr&slf_rd=1&_r=4&tid=G-2NCTT9GFHZ&cid=1423702861.1771155414&gtm=45je62b1v894399366z876229786za20gzb76229786zd76229786&aip=1&uid=64521258&dma=0&gcd=13l3l3l3l1l1&npa=0&frm=1&tag_exp=103116026~103200004~104527907~104528501~104684208~104684211~115616985~115938465~115938469~116988316~117527105&z=813281306
>> GET https://in.treasuredata.com/js/v3/event/surprisecrew_production/h_td_pageviews?api_key=10483%2F24240077c38c8ca9b2128445a441bd4b560a6d52&modified=1771157709453&data=eyJ0ZF9nbG9iYWxfaWQiOiJ0ZF9nbG9iYWxfaWQiLCJ1bmlxdWVJZCI6Ijg4OTAxNTI2OTcwNjgxMCIsIm1lbWJlcklkIjoiNjQ1MjEyNTgiLCJmaW5nZXJwcmludCI6IjY5MWI2ZTI2ZTBkZmJiYjgyYzQ0MjFlODc0MWI4ZDdlIiwicGFnZSI6InNwZnJvbnQiLCJ0ZF92ZXJzaW9uIjoiMi4xLjAiLCJ0ZF9jbGllbnRfaWQiOiI5ODVlZTE4Zi0zYmM3LTQ2NzEtODI5MC01YzhiNWZkNmM3ZGYiLCJ0ZF9jaGFyc2V0IjoidXRmLTgiLCJ0ZF9sYW5ndWFnZSI6ImVuLXVzIiwidGRfY29sb3IiOiIyNC1iaXQiLCJ0ZF9zY3JlZW4iOiIxMjgweDcyMCIsInRkX3ZpZXdwb3J0IjoiOTYweDAiLCJ0ZF90aXRsZSI6InJlZGlyZXQiLCJ0ZF9kZXNjcmlwdGlvbiI6IiIsInRkX3VybCI6Imh0dHBzOi8vd3d3LmNpdHloZWF2ZW4ubmV0L25paWdhdGEvQTE1MDEvQTE1MDEwMS9hcmFiaWFubmlnaHQvUzZTaGFyZVRvUmVzZXJ2YXRpb25Mb2dpbi8%2FZm9yd2FyZD1GMSZnaXJsX2lkPTIyODU5MTMyJnBjbW9kZT1zcCIsInRkX3VzZXJfYWdlbnQiOiJNb3ppbGxhLzUuMCAoV2luZG93cyBOVCAxMC4wOyBXaW42NDsgeDY0KSBBcHBsZVdlYktpdC81MzcuMzYgKEtIVE1MLCBsaWtlIEdlY2tvKSBDaHJvbWUvMTIxLjAuMC4wIFNhZmFyaS81MzcuMzYiLCJ0ZF9wbGF0Zm9ybSI6IkxpbnV4IHg4Nl82NCIsInRkX2hvc3QiOiJ3d3cuY2l0eWhlYXZlbi5uZXQiLCJ0ZF9wYXRoIjoiL25paWdhdGEvQTE1MDEvQTE1MDEwMS9hcmFiaWFubmlnaHQvUzZTaGFyZVRvUmVzZXJ2YXRpb25Mb2dpbi8iLCJ0ZF9yZWZlcnJlciI6Imh0dHBzOi8vd3d3LmNpdHloZWF2ZW4ubmV0L25paWdhdGEvQTE1MDEvQTE1MDEwMS9hcmFiaWFubmlnaHQvQTZTaG9wUmVzZXJ2YXRpb24vP2dpcmxfaWQ9MjI4NTkxMzIiLCJ0ZF9pcCI6InRkX2lwIiwidGRfYnJvd3NlciI6InRkX2Jyb3dzZXIiLCJ0ZF9icm93c2VyX3ZlcnNpb24iOiJ0ZF9icm93c2VyX3ZlcnNpb24iLCJ0ZF9vcyI6InRkX29zIiwidGRfb3NfdmVyc2lvbiI6InRkX29zX3ZlcnNpb24ifQ%3D%3D&callback=TreasureJSONPCallback0
>> GET https://in.treasuredata.com/js/v3/event/surprisecrew_production/h_td_pageviews?api_key=10483%2F24240077c38c8ca9b2128445a441bd4b560a6d52&modified=1771157709467&data=eyJ0ZF9nbG9iYWxfaWQiOiJ0ZF9nbG9iYWxfaWQiLCJ1bmlxdWVJZCI6Ijg4OTAxNTI2OTcwNjgxMCIsIm1lbWJlcklkIjoiNjQ1MjEyNTgiLCJmaW5nZXJwcmludCI6IjY5MWI2ZTI2ZTBkZmJiYjgyYzQ0MjFlODc0MWI4ZDdlIiwicGFnZSI6InBjZnJvbnQiLCJ0ZF92ZXJzaW9uIjoiMi4xLjAiLCJ0ZF9jbGllbnRfaWQiOiI5ODVlZTE4Zi0zYmM3LTQ2NzEtODI5MC01YzhiNWZkNmM3ZGYiLCJ0ZF9jaGFyc2V0IjoidXRmLTgiLCJ0ZF9sYW5ndWFnZSI6ImVuLXVzIiwidGRfY29sb3IiOiIyNC1iaXQiLCJ0ZF9zY3JlZW4iOiIxMjgweDcyMCIsInRkX3ZpZXdwb3J0IjoiMTI4MHg3MjAiLCJ0ZF90aXRsZSI6IuODjeODg%2BODiOS6iOe0hO%2B8mua5r%2BaIv%2BOCouODqeODk%2BOCouODs%2BODiuOCpOODiO%2B8iOODpuODnOOCpuOCouODqeODk%2BOCouODs%2BODiuOCpOODiO%2B8iSAtIOaWsOa9n%2BW4gi%2Fjgr3jg7zjg5fvvZzjgrfjg4bjgqPjg5jjg5bjg7Pjg43jg4Pjg4giLCJ0ZF9kZXNjcmlwdGlvbiI6IuaWsOa9n%2BW4guOBruOCveODvOODl%2BOAjOa5r%2BaIv%2BOCouODqeODk%2BOCouODs%2BODiuOCpOODiOOAjeOBruODjeODg%2BODiOS6iOe0hOODmuODvOOCuOOBp%2BOBmeOAguKAu%2BOBk%2BOBruW6l%2BiIl%2BOBr%2BODjeODg%2BODiOS6iOe0hOOBq%2BWvvuW%2FnOOBl%2BOBpuOBhOOBvuOBmeOAgiIsInRkX3VybCI6Imh0dHBzOi8vd3d3LmNpdHloZWF2ZW4ubmV0L25paWdhdGEvQTE1MDEvQTE1MDEwMS9hcmFiaWFubmlnaHQvQTZTaG9wUmVzZXJ2YXRpb24vP2dpcmxfaWQ9MjI4NTkxMzIiLCJ0ZF91c2VyX2FnZW50IjoiTW96aWxsYS81LjAgKFdpbmRvd3MgTlQgMTAuMDsgV2luNjQ7IHg2NCkgQXBwbGVXZWJLaXQvNTM3LjM2IChLSFRNTCwgbGlrZSBHZWNrbykgQ2hyb21lLzEyMS4wLjAuMCBTYWZhcmkvNTM3LjM2IiwidGRfcGxhdGZvcm0iOiJMaW51eCB4ODZfNjQiLCJ0ZF9ob3N0Ijoid3d3LmNpdHloZWF2ZW4ubmV0IiwidGRfcGF0aCI6Ii9uaWlnYXRhL0ExNTAxL0ExNTAxMDEvYXJhYmlhbm5pZ2h0L0E2U2hvcFJlc2VydmF0aW9uLyIsInRkX3JlZmVycmVyIjoiIiwidGRfaXAiOiJ0ZF9pcCIsInRkX2Jyb3dzZXIiOiJ0ZF9icm93c2VyIiwidGRfYnJvd3Nlcl92ZXJzaW9uIjoidGRfYnJvd3Nlcl92ZXJzaW9uIiwidGRfb3MiOiJ0ZF9vcyIsInRkX29zX3ZlcnNpb24iOiJ0ZF9vc192ZXJzaW9uIn0%3D&callback=TreasureJSONPCallback0
<< 200 https://d-cache.microad.jp/js/blade_track_jp.js
<< 200 https://www.gstatic.com/_/translate_http/_/ss/k=translate_http.tr.2f3WBw8L4SI.L.W.O/am=AAgG/d=0/rs=AN8SPfrhKfLNQThwPXviXzekz-H_oLcqkw/m=el_main_css
<< 200 https://www.cityheaven.net/
>> POST https://analytics.google.com/g/collect?v=2&tid=G-2NCTT9GFHZ&gtm=45je62b1v894399366z876229786za20gzb76229786zd76229786&_p=1771157708238&gcd=13l3l3l3l1l1&npa=0&dma=0&cid=1423702861.1771155414&ul=en-us&sr=1280x720&uaa=x86&uab=64&uafvl=Not%253AA-Brand%3B99.0.0.0%7CHeadlessChrome%3B145.0.7632.6%7CChromium%3B145.0.7632.6&uamb=0&uam=&uap=Windows&uapv=10.0&uaw=0&are=1&frm=0&pscdl=noapi&_eu=AAAAAGQ&_s=1&tag_exp=103116026~103200004~104527906~104528501~104684208~104684211~115938465~115938469~116491844~116988316&sid=1771155414&sct=1&seg=1&dl=https%3A%2F%2Fwww.cityheaven.net%2Fniigata%2FA1501%2FA150101%2Farabiannight%2FA6ShopReservation%2F%3Fgirl_id%3D22859132&dt=%E3%83%8D%E3%83%83%E3%83%88%E4%BA%88%E7%B4%84%EF%BC%9A%E6%B9%AF%E6%88%BF%E3%82%A2%E3%83%A9%E3%83%93%E3%82%A2%E3%83%B3%E3%83%8A%E3%82%A4%E3%83%88%EF%BC%88%E3%83%A6%E3%83%9C%E3%82%A6%E3%82%A2%E3%83%A9%E3%83%93%E3%82%A2%E3%83%B3%E3%83%8A%E3%82%A4%E3%83%88%EF%BC%89%20-%20%E6%96%B0%E6%BD%9F%E5%B8%82%2F%E3%82%BD%E3%83%BC%E3%83%97%EF%BD%9C%E3%82%B7%E3%83%86%E3%82%A3%E3%83%98%E3%83%96%E3%83%B3%E3%83%8D%E3%83%83%E3%83%88&uid=64521258&tfd=2968
An error occurred: page.title: Execution context was destroyed, most likely because of a navigation
    at /home/shantanav/Desktop/code/gigs/low-latency/javascript/reservation.js:43:57 {
  name: 'Error'
}
>> GET https://img.cityheaven.net/pcfrontend_conventional/css/index2.css
>> GET https://img.cityheaven.net/pcfrontend_conventional/css/nenreicheck.css
>> GET https://img.cityheaven.net/img/icon/header/logo/all_index.gif?cache02=1560153527
>> GET https://img2.cityheaven.net/img/icon/accessory/entrance/r18.gif?cache02=1193659926&imgopt=y
>> GET https://img.cityheaven.net/img/banner/heaven_traveler_zenkoku_top_sp.jpg?cache02=1752800366
>> GET https://d-markets.net/markets/js/pjs.js
<< 200 https://d-markets.net/markets/js/pjs.js
>> GET https://ajax.googleapis.com/ajax/libs/jquery/1.10.1/jquery.min.js
>> GET https://img.cityheaven.net/img/yoyaku_map.png
>> GET https://img.cityheaven.net/img/zenkokutop-new/logo_z_girls.png
>> GET https://img.cityheaven.net/img/zenkokutop-new/logo_z_job.png
>> GET https://img.cityheaven.net/img/zenkokutop-new/logo_z_minkue.png
>> GET https://img.cityheaven.net/img/zenkokutop-new/logo_z_hotel.png
>> GET https://img.cityheaven.net/img/zenkokutop-new/logo_z_heaventtv.png
>> GET https://img.cityheaven.net/img/banner/heaven_traveler_link.png?cache02=1715741415
>> GET https://cdnjs.cloudflare.com/ajax/libs/fingerprintjs2/1.8.6/fingerprint2.min.js
<< 200 https://cdnjs.cloudflare.com/ajax/libs/fingerprintjs2/1.8.6/fingerprint2.min.js
>> GET https://img.cityheaven.net/pcfrontend_conventional/css/nenreicheck_smart.css
<< 200 https://img2.cityheaven.net/img/icon/accessory/entrance/r18.gif?cache02=1193659926&imgopt=y
<< 200 https://img.cityheaven.net/pcfrontend_conventional/css/index2.css
<< 200 https://img.cityheaven.net/img/icon/header/logo/all_index.gif?cache02=1560153527
<< 200 https://img.cityheaven.net/pcfrontend_conventional/css/nenreicheck.css
>> GET https://sc.sc-analytics.jp/sr.gif?d=r9938690365792.816
>> GET https://www.googletagmanager.com/gtm.js?id=GTM-TSS5SBW
<< 200 https://www.googletagmanager.com/gtm.js?id=GTM-TSS5SBW
PAGE LOG: A parser-blocking, cross site (i.e. different eTLD+1) script, https://d-markets.net/markets/p/js?_loc=1&_district=cm&_business=&_area=&_community=&_ref=https%3A//www.cityheaven.net/niigata/A1501/A150101/arabiannight/S6ShareToReservationLogin/%3Fforward%3DF1%26girl_id%3D22859132%26pcmode%3Dsp&_login=1&_nocache=1771157709855, is invoked via document.write. The network request for this script MAY be blocked by the browser in this or a future page load due to poor network connectivity. If blocked in this page load, it will be confirmed in a subsequent console message. See https://www.chromestatus.com/feature/5718547946799104 for more details.
>> GET https://d-markets.net/markets/p/js?_loc=1&_district=cm&_business=&_area=&_community=&_ref=https%3A//www.cityheaven.net/niigata/A1501/A150101/arabiannight/S6ShareToReservationLogin/%3Fforward%3DF1%26girl_id%3D22859132%26pcmode%3Dsp&_login=1&_nocache=1771157709855
PAGE LOG: A parser-blocking, cross site (i.e. different eTLD+1) script, https://d-markets.net/markets/p/js?_loc=1&_district=cm&_business=&_area=&_community=&_ref=https%3A//www.cityheaven.net/niigata/A1501/A150101/arabiannight/S6ShareToReservationLogin/%3Fforward%3DF1%26girl_id%3D22859132%26pcmode%3Dsp&_login=1&_nocache=1771157709855, is invoked via document.write. The network request for this script MAY be blocked by the browser in this or a future page load due to poor network connectivity. If blocked in this page load, it will be confirmed in a subsequent console message. See https://www.chromestatus.com/feature/5718547946799104 for more details.
>> GET https://www.googletagmanager.com/gtag/js?id=G-2NCTT9GFHZ&cx=c&gtm=4e62b1
<< 200 https://www.googletagmanager.com/gtag/js?id=G-2NCTT9GFHZ&cx=c&gtm=4e62b1
>> GET https://x9.shinobi.jp/ufo/453134877
>> GET https://genieedmp.com/dmp.js?c=1979&ver=2
>> GET https://sc.g-cdn.net/tracker-i/main.js
>> GET https://www.google-analytics.com/analytics.js
>> GET https://img.cityheaven.net/pcfrontend_conventional/img/icon/accessory/entrance/background.gif
