Using Girl ID: dummy
Loaded cookies from files/cookies.json
Navigating to reservation page: https://www.cityheaven.net/niigata/A1501/A150101/arabiannight/A6ShopReservation/?girl_id=dummy
>> GET https://www.cityheaven.net/niigata/A1501/A150101/arabiannight/A6ShopReservation/?girl_id=dummy
<< 200 https://www.cityheaven.net/niigata/A1501/A150101/arabiannight/A6ShopReservation/?girl_id=dummy
>> GET https://img2.cityheaven.net/pcfrontend/css/header_s.min.css?cache01=1767748609
>> GET https://img2.cityheaven.net/pcfrontend/css/guide_shop.css?cache01=1737336065
>> GET https://img2.cityheaven.net/img/shop/n/arabiannight/pcstyle.css?cache01=1771133857
>> GET https://img2.cityheaven.net/pcfrontend/css/fakeLoader.css?cache01=1435614171
>> GET https://img2.cityheaven.net/pcfrontend/css/slideoption.css?cache01=1443661252
>> GET https://img2.cityheaven.net/pcfrontend/css/vegas.min.css?cache01=1440550915
>> GET https://img2.cityheaven.net/pcfrontend/js/login-sms.js?cache01=1665454703
>> GET https://img2.cityheaven.net/pcfrontend/js/echo-pyramid.js?cache01=1539822715
>> GET https://img2.cityheaven.net/pcfrontend/js/do-echo-psi.js?cache01=1543976273
>> GET https://img2.cityheaven.net/pcfrontend/js/slide/jquery-1.9.1.min.js?cache01=1435614174
>> GET https://img2.cityheaven.net/pcfrontend/js/headers.min.js?cache01=1559528643
>> GET https://img2.cityheaven.net/pcfrontend/js/jquery.flexslider-min.js?cache01=1576034986
>> GET https://img2.cityheaven.net/pcfrontend/js/fakeLoader.js?cache01=1438834060
>> GET https://img2.cityheaven.net/pcfrontend/js/netReserveIframe.js?cache01=1528763650
>> GET https://img2.cityheaven.net/pcfrontend/js/jquery.bxslider.js?cache01=1472603445
>> GET https://img2.cityheaven.net/pcfrontend/js/wow.min.js?cache01=1472603445
>> GET https://img2.cityheaven.net/pcfrontend/css/animate.css?cache01=1472603445
>> GET https://img2.cityheaven.net/pcfrontend/js/login_access_date_save.js?cache01=1715216427
>> GET https://img2.cityheaven.net/pcfrontend/css/keepFunction.css?cache01=1718674181
>> GET https://img2.cityheaven.net/pcfrontend/js/keepLocalStorage.js?cache01=1721868863
>> GET https://img2.cityheaven.net/pcfrontend/js/keep_sidebar_drawer.js?cache01=1721868863
>> GET https://img2.cityheaven.net/pcfrontend/js/jquery.inview.min.js?cache01=1523323118
>> GET https://img2.cityheaven.net/img/icon/keep/icon-star_w.png?cache02=1521092410&imgopt=y
>> GET https://img2.cityheaven.net/img/icon/keep/icon-history_w.png?cache02=1521092410&imgopt=y
>> GET https://img2.cityheaven.net/img/icon/icon-chat2.png?cache02=1555375743&imgopt=y
>> GET https://img2.cityheaven.net/pcfrontend/js/keep_sidebar.js?cache01=1721868863
>> GET https://img2.cityheaven.net/img/shop/n/arabiannight/shkb2310001233_1_20250827230009pc.jpeg?cache02=1&imgopt=y
>> GET https://img2.cityheaven.net/pcfrontend/css/head.css?cache01=1738805957
>> GET https://img2.cityheaven.net/pcfrontend/js/async_pjs.js?cache01=1627346044
>> GET https://img2.cityheaven.net/pcfrontend/js/jquery.leanModal.min.js?cache01=1642569365
>> GET https://img2.cityheaven.net/pcfrontend/js/common-guide.js?cache01=1712039083
>> GET https://img2.cityheaven.net/pcfrontend/js/css_browser_selector.js?cache01=1466757573
>> GET https://img2.cityheaven.net/img/login/free.png?imgopt=y
>> GET https://img.cityheaven.net/img/icon/icon_guidearrow-up.png?imgopt=y&cache02=1473300242
>> GET https://img2.cityheaven.net/img/icon/header/logo/logo1_pc.png?imgopt=y&cache02=1613448444
>> GET https://img2.cityheaven.net/pcfrontend/js/guide_renewalheadermenu.js?cache01=1713846468
>> GET https://img2.cityheaven.net/pcfrontend/js/savh1.js?cache01=1435614173
>> GET https://img2.cityheaven.net/pcfrontend/js/guide_header.js?cache01=1555374641
>> GET https://img2.cityheaven.net/pcfrontend/js/z/actionChatBtn.js?cache01=1676253440
>> GET https://img2.cityheaven.net/pcfrontend/css/footer.css?cache01=1722301456
>> GET https://d-markets.net/markets/js/pjs.js
>> GET https://img2.cityheaven.net/pcfrontend/css/footer_seo.css?cache01=1689643748
>> GET https://img2.cityheaven.net/img/icon/header/logo/footer_logo_pc.png?cache02=1488858154&imgopt=y
>> GET https://img.cityheaven.net/youtube/thum/icon_youtube_footer.png
>> GET https://img.cityheaven.net/img/youtube/thum/youtube_social_icon_tv.png
>> GET https://translate.google.com/translate_a/element.js?cb=googleTranslateElementInit
>> GET https://img2.cityheaven.net/pcfrontend/js/shopTranslation.js?cache01=1653879359
>> GET https://cdnjs.cloudflare.com/ajax/libs/fingerprintjs2/1.8.6/fingerprint2.min.js
<< 200 https://img2.cityheaven.net/pcfrontend/css/header_s.min.css?cache01=1767748609
<< 200 https://img2.cityheaven.net/pcfrontend/css/guide_shop.css?cache01=1737336065
<< 200 https://img2.cityheaven.net/pcfrontend/css/vegas.min.css?cache01=1440550915
<< 200 https://img2.cityheaven.net/img/shop/n/arabiannight/pcstyle.css?cache01=1771133857
<< 200 https://img2.cityheaven.net/pcfrontend/css/fakeLoader.css?cache01=1435614171
<< 200 https://img2.cityheaven.net/pcfrontend/css/slideoption.css?cache01=1443661252
<< 200 https://img2.cityheaven.net/pcfrontend/css/animate.css?cache01=1472603445
<< 200 https://img2.cityheaven.net/pcfrontend/css/keepFunction.css?cache01=1718674181
<< 200 https://img2.cityheaven.net/pcfrontend/js/slide/jquery-1.9.1.min.js?cache01=1435614174
<< 200 https://img2.cityheaven.net/pcfrontend/js/fakeLoader.js?cache01=1438834060
<< 200 https://img2.cityheaven.net/pcfrontend/js/netReserveIframe.js?cache01=1528763650
<< 200 https://img2.cityheaven.net/pcfrontend/js/jquery.flexslider-min.js?cache01=1576034986
<< 200 https://img2.cityheaven.net/pcfrontend/js/jquery.bxslider.js?cache01=1472603445
<< 200 https://img2.cityheaven.net/pcfrontend/js/login_access_date_save.js?cache01=1715216427
<< 200 https://img2.cityheaven.net/pcfrontend/js/wow.min.js?cache01=1472603445
>> GET https://sc.sc-analytics.jp/sr.gif?d=r8929334439088.088
>> POST https://www.cityheaven.net/api/myheaven/v1/shogo_login
>> GET https://www.googletagmanager.com/gtm.js?id=GTM-TSS5SBW
<< 200 https://img2.cityheaven.net/img/icon/keep/icon-star_w.png?cache02=1521092410&imgopt=y
<< 200 https://img2.cityheaven.net/img/icon/keep/icon-history_w.png?cache02=1521092410&imgopt=y
<< 200 https://img2.cityheaven.net/img/icon/icon-chat2.png?cache02=1555375743&imgopt=y
<< 200 https://img2.cityheaven.net/pcfrontend/css/head.css?cache01=1738805957
<< 200 https://img2.cityheaven.net/pcfrontend/js/async_pjs.js?cache01=1627346044
<< 200 https://img2.cityheaven.net/pcfrontend/js/jquery.leanModal.min.js?cache01=1642569365
<< 200 https://img2.cityheaven.net/pcfrontend/js/guide_header.js?cache01=1555374641
<< 200 https://img2.cityheaven.net/pcfrontend/js/common-guide.js?cache01=1712039083
<< 200 https://img2.cityheaven.net/img/shop/n/arabiannight/shkb2310001233_1_20250827230009pc.jpeg?cache02=1&imgopt=y
<< 200 https://img2.cityheaven.net/pcfrontend/css/footer_seo.css?cache01=1689643748
<< 200 https://img2.cityheaven.net/pcfrontend/css/footer.css?cache01=1722301456
<< 200 https://img2.cityheaven.net/pcfrontend/js/login-sms.js?cache01=1665454703
<< 200 https://img2.cityheaven.net/pcfrontend/js/echo-pyramid.js?cache01=1539822715
<< 200 https://img2.cityheaven.net/img/login/free.png?imgopt=y
<< 200 https://www.cityheaven.net/api/myheaven/v1/shogo_login
<< 200 https://img2.cityheaven.net/pcfrontend/js/keepLocalStorage.js?cache01=1721868863
<< 200 https://img2.cityheaven.net/pcfrontend/js/keep_sidebar_drawer.js?cache01=1721868863
<< 200 https://img2.cityheaven.net/pcfrontend/js/headers.min.js?cache01=1559528643
<< 200 https://img2.cityheaven.net/pcfrontend/js/css_browser_selector.js?cache01=1466757573
<< 200 https://img2.cityheaven.net/pcfrontend/js/guide_renewalheadermenu.js?cache01=1713846468
<< 200 https://img2.cityheaven.net/pcfrontend/js/savh1.js?cache01=1435614173
<< 200 https://img2.cityheaven.net/pcfrontend/js/do-echo-psi.js?cache01=1543976273
>> GET https://www.cityheaven.net/niigata/A1501/A150101/arabiannight/S6ShareToReservationLogin/?forward=F1&girl_id=dummy&pcmode=sp
<< 200 https://img2.cityheaven.net/pcfrontend/js/jquery.inview.min.js?cache01=1523323118
>> GET https://img2.cityheaven.net/img/icon/icon_myore.png?imgopt=y
>> GET https://img2.cityheaven.net/img/icon/icon_001_w1.png?imgopt=y
>> GET https://img2.cityheaven.net/img/designeditshoppc/oblique_white.png?cache02=1519689600_for_psi&imgopt=y
>> GET https://img2.cityheaven.net/pcfrontend/fonts/fontawesome-webfont.woff2?v=4.3.0
<< 200 https://img2.cityheaven.net/pcfrontend/js/keep_sidebar.js?cache01=1721868863
<< 200 https://img2.cityheaven.net/img/icon/header/logo/logo1_pc.png?imgopt=y&cache02=1613448444
<< 200 https://img2.cityheaven.net/img/icon/header/logo/footer_logo_pc.png?cache02=1488858154&imgopt=y
<< 200 https://img2.cityheaven.net/pcfrontend/js/z/actionChatBtn.js?cache01=1676253440
<< 200 https://img2.cityheaven.net/pcfrontend/js/shopTranslation.js?cache01=1653879359
<< 200 https://img.cityheaven.net/img/icon/icon_guidearrow-up.png?imgopt=y&cache02=1473300242
<< 200 https://img.cityheaven.net/youtube/thum/icon_youtube_footer.png
<< 200 https://img.cityheaven.net/img/youtube/thum/youtube_social_icon_tv.png
<< 200 https://img2.cityheaven.net/img/icon/icon_myore.png?imgopt=y
<< 200 https://img2.cityheaven.net/img/icon/icon_001_w1.png?imgopt=y
<< 200 https://d-markets.net/markets/js/pjs.js
PAGE LOG: A parser-blocking, cross site (i.e. different eTLD+1) script, https://d-markets.net/markets/p/js?_loc=630409001&_district=tt&_guide=1300000000&_ref=&_login=1&_nocache=1771158268665, is invoked via document.write. The network request for this script MAY be blocked by the browser in this or a future page load due to poor network connectivity. If blocked in this page load, it will be confirmed in a subsequent console message. See https://www.chromestatus.com/feature/5718547946799104 for more details.
>> GET https://d-markets.net/markets/p/js?_loc=630409001&_district=tt&_guide=1300000000&_ref=&_login=1&_nocache=1771158268665
PAGE LOG: A parser-blocking, cross site (i.e. different eTLD+1) script, https://d-markets.net/markets/p/js?_loc=630409001&_district=tt&_guide=1300000000&_ref=&_login=1&_nocache=1771158268665, is invoked via document.write. The network request for this script MAY be blocked by the browser in this or a future page load due to poor network connectivity. If blocked in this page load, it will be confirmed in a subsequent console message. See https://www.chromestatus.com/feature/5718547946799104 for more details.
<< 200 https://img2.cityheaven.net/img/designeditshoppc/oblique_white.png?cache02=1519689600_for_psi&imgopt=y
<< 200 https://cdnjs.cloudflare.com/ajax/libs/fingerprintjs2/1.8.6/fingerprint2.min.js
<< 200 https://translate.google.com/translate_a/element.js?cb=googleTranslateElementInit
<< 200 https://d-markets.net/markets/p/js?_loc=630409001&_district=tt&_guide=1300000000&_ref=&_login=1&_nocache=1771158268665
>> GET https://img.cityheaven.net/img/adbanner2/adsv0002057159.jpg?cache02=20260210114456&imgopt=y
>> GET https://img.cityheaven.net/img/adbanner2/adsv0002057575.gif?cache02=20260127130312&imgopt=y
>> GET https://img.cityheaven.net/img/adbanner2/adsv0002040893.gif?cache02=20260209103512&imgopt=y
>> GET https://www.gstatic.com/_/translate_http/_/ss/k=translate_http.tr.2f3WBw8L4SI.L.W.O/am=AAgG/d=0/rs=AN8SPfrhKfLNQThwPXviXzekz-H_oLcqkw/m=el_main_css
>> GET https://translate.googleapis.com/_/translate_http/_/js/k=translate_http.tr.en_GB.JjZfSChOVLA.O/am=AABA/d=1/exm=el_conf/ed=1/rs=AN8SPfoJonLzh6Z_4y19rFRA-Us8KTHTJg/m=el_main
>> GET https://d-cache.microad.jp/js/blade_track_jp.js
>> GET https://cdn.treasuredata.com/sdk/2.1/td.min.js
PAGE LOG: [.WebGL-0x1c8401214200]GL Driver Message (OpenGL, Performance, GL_CLOSE_PATH_NV, High): GPU stall due to ReadPixels
>> GET https://d-markets.net/markets/p/js?_loc=2092&_district=n&_guide=1500100001&_login=1&_ref=&_nocache=1771158268894&_write=off&_allow_domain=*
>> GET https://d-markets.net/markets/p/js?_loc=2091&_district=n&_guide=1500100001&_login=1&_ref=&_nocache=1771158268895&_write=off&_allow_domain=*
>> GET https://d-markets.net/markets/p/js?_loc=2053&_district=n&_guide=1500000000&_login=1&_ref=&_nocache=1771158268896&_write=off&_allow_domain=*
<< 200 https://sc.sc-analytics.jp/sr.gif?d=r8929334439088.088
<< 200 https://img.cityheaven.net/img/adbanner2/adsv0002057159.jpg?cache02=20260210114456&imgopt=y
<< 200 https://img.cityheaven.net/img/adbanner2/adsv0002057575.gif?cache02=20260127130312&imgopt=y
<< 200 https://img.cityheaven.net/img/adbanner2/adsv0002040893.gif?cache02=20260209103512&imgopt=y
>> GET https://sc.sc-analytics.jp/l.min.js?s=r8929334439088.088
<< 200 https://www.googletagmanager.com/gtm.js?id=GTM-TSS5SBW
Page loaded. Title: ネット予約：湯房アラビアンナイト（ユボウアラビアンナイト） - 新潟市/ソープ｜シティヘブンネット
Page URL: https://www.cityheaven.net/niigata/A1501/A150101/arabiannight/A6ShopReservation/?girl_id=dummy
Looking for reservation frame or table...
>> GET https://www.googletagmanager.com/gtag/js?id=G-2NCTT9GFHZ&cx=c&gtm=4e62b1
>> GET https://x9.shinobi.jp/ufo/453134877
>> GET https://sc.g-cdn.net/tracker-i/main.js
>> GET https://www.google-analytics.com/analytics.js
<< 200 https://img2.cityheaven.net/pcfrontend/fonts/fontawesome-webfont.woff2?v=4.3.0
<< 200 https://www.googletagmanager.com/gtag/js?id=G-2NCTT9GFHZ&cx=c&gtm=4e62b1
>> POST https://analytics.google.com/g/collect?v=2&tid=G-2NCTT9GFHZ&gtm=45je62b1v894399366z876229786za20gzb76229786zd76229786&_p=1771158268069&_gaz=1&gcd=13l3l3l3l1l1&npa=0&dma=0&cid=1423702861.1771155414&ul=en-us&sr=1280x720&uaa=x86&uab=64&uafvl=Not%253AA-Brand%3B99.0.0.0%7CHeadlessChrome%3B145.0.7632.6%7CChromium%3B145.0.7632.6&uamb=0&uam=&uap=Windows&uapv=10.0&uaw=0&are=1&frm=0&pscdl=noapi&_eu=AAAAAGQ&_s=1&tag_exp=103116026~103200004~104527907~104528500~104684208~104684211~115938466~115938468~116988316~117455673~117455675~117531288&sid=1771155414&sct=1&seg=1&dl=https%3A%2F%2Fwww.cityheaven.net%2Fniigata%2FA1501%2FA150101%2Farabiannight%2FA6ShopReservation%2F%3Fgirl_id%3Ddummy&dt=%E3%83%8D%E3%83%83%E3%83%88%E4%BA%88%E7%B4%84%EF%BC%9A%E6%B9%AF%E6%88%BF%E3%82%A2%E3%83%A9%E3%83%93%E3%82%A2%E3%83%B3%E3%83%8A%E3%82%A4%E3%83%88%EF%BC%88%E3%83%A6%E3%83%9C%E3%82%A6%E3%82%A2%E3%83%A9%E3%83%93%E3%82%A2%E3%83%B3%E3%83%8A%E3%82%A4%E3%83%88%EF%BC%89%20-%20%E6%96%B0%E6%BD%9F%E5%B8%82%2F%E3%82%BD%E3%83%BC%E3%83%97%EF%BD%9C%E3%82%B7%E3%83%86%E3%82%A3%E3%83%98%E3%83%96%E3%83%B3%E3%83%8D%E3%83%83%E3%83%88&uid=64521258&tfd=2871
>> GET https://www.google.com.sg/ads/ga-audiences?v=1&t=sr&slf_rd=1&_r=4&tid=G-2NCTT9GFHZ&cid=1423702861.1771155414&gtm=45je62b1v894399366z876229786za20gzb76229786zd76229786&aip=1&uid=64521258&dma=0&gcd=13l3l3l3l1l1&npa=0&frm=0&tag_exp=103116026~103200004~104527907~104528500~104684208~104684211~115938466~115938468~116988316~117455673~117455675~117531288&z=962183581
<< 200 https://cdn.treasuredata.com/sdk/2.1/td.min.js
>> GET https://in.treasuredata.com/js/v3/event/surprisecrew_production/h_td_pageviews?api_key=10483%2F24240077c38c8ca9b2128445a441bd4b560a6d52&modified=1771158269279&data=eyJ0ZF9nbG9iYWxfaWQiOiJ0ZF9nbG9iYWxfaWQiLCJ1bmlxdWVJZCI6Ijg4OTAxNTI2OTcwNjgxMCIsIm1lbWJlcklkIjoiNjQ1MjEyNTgiLCJmaW5nZXJwcmludCI6IjY5MWI2ZTI2ZTBkZmJiYjgyYzQ0MjFlODc0MWI4ZDdlIiwicGFnZSI6InBjZnJvbnQiLCJ0ZF92ZXJzaW9uIjoiMi4xLjAiLCJ0ZF9jbGllbnRfaWQiOiI5ODVlZTE4Zi0zYmM3LTQ2NzEtODI5MC01YzhiNWZkNmM3ZGYiLCJ0ZF9jaGFyc2V0IjoidXRmLTgiLCJ0ZF9sYW5ndWFnZSI6ImVuLXVzIiwidGRfY29sb3IiOiIyNC1iaXQiLCJ0ZF9zY3JlZW4iOiIxMjgweDcyMCIsInRkX3ZpZXdwb3J0IjoiMTI4MHg3MjAiLCJ0ZF90aXRsZSI6IuODjeODg%2BODiOS6iOe0hO%2B8mua5r%2BaIv%2BOCouODqeODk%2BOCouODs%2BODiuOCpOODiO%2B8iOODpuODnOOCpuOCouODqeODk%2BOCouODs%2BODiuOCpOODiO%2B8iSAtIOaWsOa9n%2BW4gi%2Fjgr3jg7zjg5fvvZzjgrfjg4bjgqPjg5jjg5bjg7Pjg43jg4Pjg4giLCJ0ZF9kZXNjcmlwdGlvbiI6IuaWsOa9n%2BW4guOBruOCveODvOODl%2BOAjOa5r%2BaIv%2BOCouODqeODk%2BOCouODs%2BODiuOCpOODiOOAjeOBruODjeODg%2BODiOS6iOe0hOODmuODvOOCuOOBp%2BOBmeOAguKAu%2BOBk%2BOBruW6l%2BiIl%2BOBr%2BODjeODg%2BODiOS6iOe0hOOBq%2BWvvuW%2FnOOBl%2BOBpuOBhOOBvuOBmeOAgiIsInRkX3VybCI6Imh0dHBzOi8vd3d3LmNpdHloZWF2ZW4ubmV0L25paWdhdGEvQTE1MDEvQTE1MDEwMS9hcmFiaWFubmlnaHQvQTZTaG9wUmVzZXJ2YXRpb24vP2dpcmxfaWQ9ZHVtbXkiLCJ0ZF91c2VyX2FnZW50IjoiTW96aWxsYS81LjAgKFdpbmRvd3MgTlQgMTAuMDsgV2luNjQ7IHg2NCkgQXBwbGVXZWJLaXQvNTM3LjM2IChLSFRNTCwgbGlrZSBHZWNrbykgQ2hyb21lLzEyMS4wLjAuMCBTYWZhcmkvNTM3LjM2IiwidGRfcGxhdGZvcm0iOiJMaW51eCB4ODZfNjQiLCJ0ZF9ob3N0Ijoid3d3LmNpdHloZWF2ZW4ubmV0IiwidGRfcGF0aCI6Ii9uaWlnYXRhL0ExNTAxL0ExNTAxMDEvYXJhYmlhbm5pZ2h0L0E2U2hvcFJlc2VydmF0aW9uLyIsInRkX3JlZmVycmVyIjoiIiwidGRfaXAiOiJ0ZF9pcCIsInRkX2Jyb3dzZXIiOiJ0ZF9icm93c2VyIiwidGRfYnJvd3Nlcl92ZXJzaW9uIjoidGRfYnJvd3Nlcl92ZXJzaW9uIiwidGRfb3MiOiJ0ZF9vcyIsInRkX29zX3ZlcnNpb24iOiJ0ZF9vc192ZXJzaW9uIn0%3D&callback=TreasureJSONPCallback0
<< 200 https://www.gstatic.com/_/translate_http/_/ss/k=translate_http.tr.2f3WBw8L4SI.L.W.O/am=AAgG/d=0/rs=AN8SPfrhKfLNQThwPXviXzekz-H_oLcqkw/m=el_main_css
<< 200 https://d-cache.microad.jp/js/blade_track_jp.js
<< 200 https://d-markets.net/markets/p/js?_loc=2092&_district=n&_guide=1500100001&_login=1&_ref=&_nocache=1771158268894&_write=off&_allow_domain=*
<< 200 https://d-markets.net/markets/p/js?_loc=2091&_district=n&_guide=1500100001&_login=1&_ref=&_nocache=1771158268895&_write=off&_allow_domain=*
<< 200 https://d-markets.net/markets/p/js?_loc=2053&_district=n&_guide=1500000000&_login=1&_ref=&_nocache=1771158268896&_write=off&_allow_domain=*
<< 302 https://x9.shinobi.jp/ufo/453134877
>> GET https://x9.shinobi.jp/fire?cid=453134877&v=1.1.1.f7114085519a197cae2ba4d92359d6b6
<< 200 https://translate.googleapis.com/_/translate_http/_/js/k=translate_http.tr.en_GB.JjZfSChOVLA.O/am=AABA/d=1/exm=el_conf/ed=1/rs=AN8SPfoJonLzh6Z_4y19rFRA-Us8KTHTJg/m=el_main
>> GET https://www.gstatic.com/_/translate_http/_/ss/k=translate_http.tr.2f3WBw8L4SI.L.W.O/am=AAgG/d=0/rs=AN8SPfrhKfLNQThwPXviXzekz-H_oLcqkw/m=el_main_css
<< 200 https://www.gstatic.com/_/translate_http/_/ss/k=translate_http.tr.2f3WBw8L4SI.L.W.O/am=AAgG/d=0/rs=AN8SPfrhKfLNQThwPXviXzekz-H_oLcqkw/m=el_main_css
>> GET https://fonts.gstatic.com/s/i/productlogos/translate/v14/24px.svg
>> GET https://www.google.com/images/cleardot.gif
>> GET https://www.gstatic.com/images/branding/product/2x/translate_24dp.png
>> GET https://translate-pa.googleapis.com/v1/supportedLanguages?client=te&display_language=en-GB&key=AIzaSyBWDj0QJvVIx8XOhRegXX5_SrRWxhT5Hs4&callback=callback
<< 200 https://www.google-analytics.com/analytics.js
>> GET https://www.google-analytics.com/plugins/ua/linkid.js
<< 200 https://sc.g-cdn.net/tracker-i/main.js
>> GET https://sc.g-cdn.net/tracker/gsms.js
<< 200 https://www.google-analytics.com/plugins/ua/linkid.js
>> POST https://www.google-analytics.com/j/collect?v=1&_v=j102&a=1647713212&t=pageview&_s=1&dl=https%3A%2F%2Fwww.cityheaven.net%2Fniigata%2FA1501%2FA150101%2Farabiannight%2FA6ShopReservation%2F%3Fgirl_id%3Ddummy&ul=en-us&dt=%E3%83%8D%E3%83%83%E3%83%88%E4%BA%88%E7%B4%84%EF%BC%9A%E6%B9%AF%E6%88%BF%E3%82%A2%E3%83%A9%E3%83%93%E3%82%A2%E3%83%B3%E3%83%8A%E3%82%A4%E3%83%88%EF%BC%88%E3%83%A6%E3%83%9C%E3%82%A6%E3%82%A2%E3%83%A9%E3%83%93%E3%82%A2%E3%83%B3%E3%83%8A%E3%82%A4%E3%83%88%EF%BC%89%20-%20%E6%96%B0%E6%BD%9F%E5%B8%82%2F%E3%82%BD%E3%83%BC%E3%83%97%EF%BD%9C%E3%82%B7%E3%83%86%E3%82%A3%E3%83%98%E3%83%96%E3%83%B3%E3%83%8D%E3%83%83%E3%83%88&sr=1280x720&vp=1280x720&_u=SCCAgAAjAAAAACAEC~&jid=942654354&gjid=272414802&cid=1423702861.1771155414&uid=889015269706810%3A64521258&tid=UA-50848508-5&_gid=19502839.1771155415&_slc=1&gtm=45He62b1n81TSS5SBWv76229786za200zd76229786&cd1=%E6%96%B0%E6%BD%9F&cd2=&cd3=%E6%96%B0%E6%BD%9F%E7%9C%8C&cd4=%E4%BB%96%E3%82%A8%E3%83%AA%E3%82%A2&cd5=&cd6=&cd7=889015269706810%3A64521258&cd8=2310001233&cd9=Mozilla%2F5.0%20(Windows%20NT%2010.0%3B%20Win64%3B%20x64)%20AppleWebKit%2F537.36%20(KHTML%2C%20like%20Gecko)%20Chrome%2F121.0.0.0%20Safari%2F537.36&cd11=2026-02-15%2021%3A24%3A29&gcd=13l3l3l3l1l1&dma=0&tag_exp=103116026~103200004~104527907~104528500~104684208~104684211~115938466~115938468~116988315~117455673~117455675&cd12=1423702861.1771155414&z=212293835
>> POST https://stats.g.doubleclick.net/j/collect?t=dc&aip=1&_r=3&v=1&_v=j102&tid=UA-50848508-5&cid=1423702861.1771155414&jid=942654354&uid=889015269706810%3A64521258&gjid=272414802&_gid=19502839.1771155415&_u=SCCAgAAjAAAAAGAEC~&z=827447949
<< 200 https://www.gstatic.com/images/branding/product/2x/translate_24dp.png
<< 200 https://translate-pa.googleapis.com/v1/supportedLanguages?client=te&display_language=en-GB&key=AIzaSyBWDj0QJvVIx8XOhRegXX5_SrRWxhT5Hs4&callback=callback
>> GET https://translate.googleapis.com/translate_static/img/te_ctrl3.gif
<< 200 https://sc.g-cdn.net/tracker/gsms.js
<< 200 https://www.google-analytics.com/j/collect?v=1&_v=j102&a=1647713212&t=pageview&_s=1&dl=https%3A%2F%2Fwww.cityheaven.net%2Fniigata%2FA1501%2FA150101%2Farabiannight%2FA6ShopReservation%2F%3Fgirl_id%3Ddummy&ul=en-us&dt=%E3%83%8D%E3%83%83%E3%83%88%E4%BA%88%E7%B4%84%EF%BC%9A%E6%B9%AF%E6%88%BF%E3%82%A2%E3%83%A9%E3%83%93%E3%82%A2%E3%83%B3%E3%83%8A%E3%82%A4%E3%83%88%EF%BC%88%E3%83%A6%E3%83%9C%E3%82%A6%E3%82%A2%E3%83%A9%E3%83%93%E3%82%A2%E3%83%B3%E3%83%8A%E3%82%A4%E3%83%88%EF%BC%89%20-%20%E6%96%B0%E6%BD%9F%E5%B8%82%2F%E3%82%BD%E3%83%BC%E3%83%97%EF%BD%9C%E3%82%B7%E3%83%86%E3%82%A3%E3%83%98%E3%83%96%E3%83%B3%E3%83%8D%E3%83%83%E3%83%88&sr=1280x720&vp=1280x720&_u=SCCAgAAjAAAAACAEC~&jid=942654354&gjid=272414802&cid=1423702861.1771155414&uid=889015269706810%3A64521258&tid=UA-50848508-5&_gid=19502839.1771155415&_slc=1&gtm=45He62b1n81TSS5SBWv76229786za200zd76229786&cd1=%E6%96%B0%E6%BD%9F&cd2=&cd3=%E6%96%B0%E6%BD%9F%E7%9C%8C&cd4=%E4%BB%96%E3%82%A8%E3%83%AA%E3%82%A2&cd5=&cd6=&cd7=889015269706810%3A64521258&cd8=2310001233&cd9=Mozilla%2F5.0%20(Windows%20NT%2010.0%3B%20Win64%3B%20x64)%20AppleWebKit%2F537.36%20(KHTML%2C%20like%20Gecko)%20Chrome%2F121.0.0.0%20Safari%2F537.36&cd11=2026-02-15%2021%3A24%3A29&gcd=13l3l3l3l1l1&dma=0&tag_exp=103116026~103200004~104527907~104528500~104684208~104684211~115938466~115938468~116988315~117455673~117455675&cd12=1423702861.1771155414&z=212293835
<< 204 https://analytics.google.com/g/collect?v=2&tid=G-2NCTT9GFHZ&gtm=45je62b1v894399366z876229786za20gzb76229786zd76229786&_p=1771158268069&_gaz=1&gcd=13l3l3l3l1l1&npa=0&dma=0&cid=1423702861.1771155414&ul=en-us&sr=1280x720&uaa=x86&uab=64&uafvl=Not%253AA-Brand%3B99.0.0.0%7CHeadlessChrome%3B145.0.7632.6%7CChromium%3B145.0.7632.6&uamb=0&uam=&uap=Windows&uapv=10.0&uaw=0&are=1&frm=0&pscdl=noapi&_eu=AAAAAGQ&_s=1&tag_exp=103116026~103200004~104527907~104528500~104684208~104684211~115938466~115938468~116988316~117455673~117455675~117531288&sid=1771155414&sct=1&seg=1&dl=https%3A%2F%2Fwww.cityheaven.net%2Fniigata%2FA1501%2FA150101%2Farabiannight%2FA6ShopReservation%2F%3Fgirl_id%3Ddummy&dt=%E3%83%8D%E3%83%83%E3%83%88%E4%BA%88%E7%B4%84%EF%BC%9A%E6%B9%AF%E6%88%BF%E3%82%A2%E3%83%A9%E3%83%93%E3%82%A2%E3%83%B3%E3%83%8A%E3%82%A4%E3%83%88%EF%BC%88%E3%83%A6%E3%83%9C%E3%82%A6%E3%82%A2%E3%83%A9%E3%83%93%E3%82%A2%E3%83%B3%E3%83%8A%E3%82%A4%E3%83%88%EF%BC%89%20-%20%E6%96%B0%E6%BD%9F%E5%B8%82%2F%E3%82%BD%E3%83%BC%E3%83%97%EF%BD%9C%E3%82%B7%E3%83%86%E3%82%A3%E3%83%98%E3%83%96%E3%83%B3%E3%83%8D%E3%83%83%E3%83%88&uid=64521258&tfd=2871
<< 200 https://www.google.com.sg/ads/ga-audiences?v=1&t=sr&slf_rd=1&_r=4&tid=G-2NCTT9GFHZ&cid=1423702861.1771155414&gtm=45je62b1v894399366z876229786za20gzb76229786zd76229786&aip=1&uid=64521258&dma=0&gcd=13l3l3l3l1l1&npa=0&frm=0&tag_exp=103116026~103200004~104527907~104528500~104684208~104684211~115938466~115938468~116988316~117455673~117455675~117531288&z=962183581
<< 200 https://in.treasuredata.com/js/v3/event/surprisecrew_production/h_td_pageviews?api_key=10483%2F24240077c38c8ca9b2128445a441bd4b560a6d52&modified=1771158269279&data=eyJ0ZF9nbG9iYWxfaWQiOiJ0ZF9nbG9iYWxfaWQiLCJ1bmlxdWVJZCI6Ijg4OTAxNTI2OTcwNjgxMCIsIm1lbWJlcklkIjoiNjQ1MjEyNTgiLCJmaW5nZXJwcmludCI6IjY5MWI2ZTI2ZTBkZmJiYjgyYzQ0MjFlODc0MWI4ZDdlIiwicGFnZSI6InBjZnJvbnQiLCJ0ZF92ZXJzaW9uIjoiMi4xLjAiLCJ0ZF9jbGllbnRfaWQiOiI5ODVlZTE4Zi0zYmM3LTQ2NzEtODI5MC01YzhiNWZkNmM3ZGYiLCJ0ZF9jaGFyc2V0IjoidXRmLTgiLCJ0ZF9sYW5ndWFnZSI6ImVuLXVzIiwidGRfY29sb3IiOiIyNC1iaXQiLCJ0ZF9zY3JlZW4iOiIxMjgweDcyMCIsInRkX3ZpZXdwb3J0IjoiMTI4MHg3MjAiLCJ0ZF90aXRsZSI6IuODjeODg%2BODiOS6iOe0hO%2B8mua5r%2BaIv%2BOCouODqeODk%2BOCouODs%2BODiuOCpOODiO%2B8iOODpuODnOOCpuOCouODqeODk%2BOCouODs%2BODiuOCpOODiO%2B8iSAtIOaWsOa9n%2BW4gi%2Fjgr3jg7zjg5fvvZzjgrfjg4bjgqPjg5jjg5bjg7Pjg43jg4Pjg4giLCJ0ZF9kZXNjcmlwdGlvbiI6IuaWsOa9n%2BW4guOBruOCveODvOODl%2BOAjOa5r%2BaIv%2BOCouODqeODk%2BOCouODs%2BODiuOCpOODiOOAjeOBruODjeODg%2BODiOS6iOe0hOODmuODvOOCuOOBp%2BOBmeOAguKAu%2BOBk%2BOBruW6l%2BiIl%2BOBr%2BODjeODg%2BODiOS6iOe0hOOBq%2BWvvuW%2FnOOBl%2BOBpuOBhOOBvuOBmeOAgiIsInRkX3VybCI6Imh0dHBzOi8vd3d3LmNpdHloZWF2ZW4ubmV0L25paWdhdGEvQTE1MDEvQTE1MDEwMS9hcmFiaWFubmlnaHQvQTZTaG9wUmVzZXJ2YXRpb24vP2dpcmxfaWQ9ZHVtbXkiLCJ0ZF91c2VyX2FnZW50IjoiTW96aWxsYS81LjAgKFdpbmRvd3MgTlQgMTAuMDsgV2luNjQ7IHg2NCkgQXBwbGVXZWJLaXQvNTM3LjM2IChLSFRNTCwgbGlrZSBHZWNrbykgQ2hyb21lLzEyMS4wLjAuMCBTYWZhcmkvNTM3LjM2IiwidGRfcGxhdGZvcm0iOiJMaW51eCB4ODZfNjQiLCJ0ZF9ob3N0Ijoid3d3LmNpdHloZWF2ZW4ubmV0IiwidGRfcGF0aCI6Ii9uaWlnYXRhL0ExNTAxL0ExNTAxMDEvYXJhYmlhbm5pZ2h0L0E2U2hvcFJlc2VydmF0aW9uLyIsInRkX3JlZmVycmVyIjoiIiwidGRfaXAiOiJ0ZF9pcCIsInRkX2Jyb3dzZXIiOiJ0ZF9icm93c2VyIiwidGRfYnJvd3Nlcl92ZXJzaW9uIjoidGRfYnJvd3Nlcl92ZXJzaW9uIiwidGRfb3MiOiJ0ZF9vcyIsInRkX29zX3ZlcnNpb24iOiJ0ZF9vc192ZXJzaW9uIn0%3D&callback=TreasureJSONPCallback0
<< 200 https://translate.googleapis.com/translate_static/img/te_ctrl3.gif
<< 200 https://x9.shinobi.jp/fire?cid=453134877&v=1.1.1.f7114085519a197cae2ba4d92359d6b6
>> GET https://dmp.im-apps.net/sdk/im-uid.js
>> GET https://sync.shinobi.jp/v2/sync/ne?t=js&r=https%3A%2F%2Fx9.shinobi.jp%2Ftrack%3Fcid%3D453134877%26ref%3D%26jsref%3Dhttps%253A%252F%252Fwww.cityheaven.net%252Fniigata%252FA1501%252FA150101%252Farabiannight%252FA6ShopReservation%252F%253Fgirl_id%253Ddummy%26time%3D1771158269905%26x9uid%3D7d86c8bd-b8f4-46c5-981d-9985dc54eefc%26imuid%3Dnull%26picked%3D%257B%2522453134877-351%2522%253A%257B%2522language%2522%253A%2522en-US%2522%252C%2522session_id%2522%253A%25223f2b0743-b4f3-4c2e-8110-9c2cc6e13a69%2522%257D%252C%2522453134877-585%2522%253A%257B%2522device%2522%253A%2522desktop%2522%252C%2522ad%2522%253A%2522display%2522%252C%2522language%2522%253A%2522en-US%2522%252C%2522session_id%2522%253A%25223f2b0743-b4f3-4c2e-8110-9c2cc6e13a69%2522%257D%252C%2522453134877-599%2522%253A%257B%2522language%2522%253A%2522en-US%2522%252C%2522session_id%2522%253A%25223f2b0743-b4f3-4c2e-8110-9c2cc6e13a69%2522%257D%257D%26callback%3D__chikayo__.callback.C_1771158269904_1245%26uid%3D
<< 302 https://sync.shinobi.jp/v2/sync/ne?t=js&r=https%3A%2F%2Fx9.shinobi.jp%2Ftrack%3Fcid%3D453134877%26ref%3D%26jsref%3Dhttps%253A%252F%252Fwww.cityheaven.net%252Fniigata%252FA1501%252FA150101%252Farabiannight%252FA6ShopReservation%252F%253Fgirl_id%253Ddummy%26time%3D1771158269905%26x9uid%3D7d86c8bd-b8f4-46c5-981d-9985dc54eefc%26imuid%3Dnull%26picked%3D%257B%2522453134877-351%2522%253A%257B%2522language%2522%253A%2522en-US%2522%252C%2522session_id%2522%253A%25223f2b0743-b4f3-4c2e-8110-9c2cc6e13a69%2522%257D%252C%2522453134877-585%2522%253A%257B%2522device%2522%253A%2522desktop%2522%252C%2522ad%2522%253A%2522display%2522%252C%2522language%2522%253A%2522en-US%2522%252C%2522session_id%2522%253A%25223f2b0743-b4f3-4c2e-8110-9c2cc6e13a69%2522%257D%252C%2522453134877-599%2522%253A%257B%2522language%2522%253A%2522en-US%2522%252C%2522session_id%2522%253A%25223f2b0743-b4f3-4c2e-8110-9c2cc6e13a69%2522%257D%257D%26callback%3D__chikayo__.callback.C_1771158269904_1245%26uid%3D
>> GET https://x9.shinobi.jp/track?cid=453134877&ref=&jsref=https%3A%2F%2Fwww.cityheaven.net%2Fniigata%2FA1501%2FA150101%2Farabiannight%2FA6ShopReservation%2F%3Fgirl_id%3Ddummy&time=1771158269905&x9uid=7d86c8bd-b8f4-46c5-981d-9985dc54eefc&imuid=null&picked=%7B%22453134877-351%22%3A%7B%22language%22%3A%22en-US%22%2C%22session_id%22%3A%223f2b0743-b4f3-4c2e-8110-9c2cc6e13a69%22%7D%2C%22453134877-585%22%3A%7B%22device%22%3A%22desktop%22%2C%22ad%22%3A%22display%22%2C%22language%22%3A%22en-US%22%2C%22session_id%22%3A%223f2b0743-b4f3-4c2e-8110-9c2cc6e13a69%22%7D%2C%22453134877-599%22%3A%7B%22language%22%3A%22en-US%22%2C%22session_id%22%3A%223f2b0743-b4f3-4c2e-8110-9c2cc6e13a69%22%7D%7D&callback=__chikayo__.callback.C_1771158269904_1245&uid=439c4e3e-9f25-4871-bbac-b9ac6b14539e
<< 200 https://fonts.gstatic.com/s/i/productlogos/translate/v14/24px.svg
<< 200 https://sc.sc-analytics.jp/l.min.js?s=r8929334439088.088
>> GET https://sc.sc-analytics.jp/ch_run.php?r=c047b8f8d14dbe89669374b9783c8fef&ss=49e5d1591190e21d648c5aa79ab2948b&sn=2a32357f5d0d2fa34c360cf719038be8&rh=103.216.221.80&ref=&url=https%3A%2F%2Fwww.cityheaven.net%2Fniigata%2FA1501%2FA150101%2Farabiannight%2FA6ShopReservation%2F%3Fgirl_id%3Ddummy
<< 200 https://stats.g.doubleclick.net/j/collect?t=dc&aip=1&_r=3&v=1&_v=j102&tid=UA-50848508-5&cid=1423702861.1771155414&jid=942654354&uid=889015269706810%3A64521258&gjid=272414802&_gid=19502839.1771155415&_u=SCCAgAAjAAAAAGAEC~&z=827447949
<< 200 https://x9.shinobi.jp/track?cid=453134877&ref=&jsref=https%3A%2F%2Fwww.cityheaven.net%2Fniigata%2FA1501%2FA150101%2Farabiannight%2FA6ShopReservation%2F%3Fgirl_id%3Ddummy&time=1771158269905&x9uid=7d86c8bd-b8f4-46c5-981d-9985dc54eefc&imuid=null&picked=%7B%22453134877-351%22%3A%7B%22language%22%3A%22en-US%22%2C%22session_id%22%3A%223f2b0743-b4f3-4c2e-8110-9c2cc6e13a69%22%7D%2C%22453134877-585%22%3A%7B%22device%22%3A%22desktop%22%2C%22ad%22%3A%22display%22%2C%22language%22%3A%22en-US%22%2C%22session_id%22%3A%223f2b0743-b4f3-4c2e-8110-9c2cc6e13a69%22%7D%2C%22453134877-599%22%3A%7B%22language%22%3A%22en-US%22%2C%22session_id%22%3A%223f2b0743-b4f3-4c2e-8110-9c2cc6e13a69%22%7D%7D&callback=__chikayo__.callback.C_1771158269904_1245&uid=439c4e3e-9f25-4871-bbac-b9ac6b14539e
>> GET https://x9.shinobi.jp/js-util/v2/bundle.js?v=20220117.1.20251222
>> GET https://chikayo-dsp.shinobi.jp/targeting/conversion?audience_id=439c4e3e-9f25-4871-bbac-b9ac6b14539e&campaign_id=230&product_group_id=2524&target=2&x9_fp_audience_id=7d86c8bd-b8f4-46c5-981d-9985dc54eefc
<< 200 https://www.google.com/images/cleardot.gif
<< 200 https://x9.shinobi.jp/js-util/v2/bundle.js?v=20220117.1.20251222
<< 200 https://chikayo-dsp.shinobi.jp/targeting/conversion?audience_id=439c4e3e-9f25-4871-bbac-b9ac6b14539e&campaign_id=230&product_group_id=2524&target=2&x9_fp_audience_id=7d86c8bd-b8f4-46c5-981d-9985dc54eefc
<< 200 https://dmp.im-apps.net/sdk/im-uid.js
>> GET https://audiencedata.im-apps.net/imuid/get?cid=1021173&vid=01KHGHDRW7Q0PKJRFJD6FGJFD7
<< 200 https://audiencedata.im-apps.net/imuid/get?cid=1021173&vid=01KHGHDRW7Q0PKJRFJD6FGJFD7
<< 200 https://www.cityheaven.net/niigata/A1501/A150101/arabiannight/S6ShareToReservationLogin/?forward=F1&girl_id=dummy&pcmode=sp
>> GET https://img2.cityheaven.net/spfrontend/js/login_access_date_save.js?cache01=1715216427
>> GET https://cdnjs.cloudflare.com/ajax/libs/fingerprintjs2/1.8.6/fingerprint2.min.js
<< 200 https://cdnjs.cloudflare.com/ajax/libs/fingerprintjs2/1.8.6/fingerprint2.min.js
>> GET https://www.cityheaven.net/
PAGE ERROR: rdelim is not defined
<< 200 https://img2.cityheaven.net/spfrontend/js/login_access_date_save.js?cache01=1715216427
>> GET https://www.googletagmanager.com/gtm.js?id=GTM-TSS5SBW
<< 200 https://www.googletagmanager.com/gtm.js?id=GTM-TSS5SBW
>> GET https://sc.sc-analytics.jp/sr.gif?d=r11853325306600.988
>> GET https://cdn.treasuredata.com/sdk/2.1/td.min.js
<< 200 https://cdn.treasuredata.com/sdk/2.1/td.min.js
PAGE LOG: [.WebGL-0x1c84021b6000]GL Driver Message (OpenGL, Performance, GL_CLOSE_PATH_NV, High): GPU stall due to ReadPixels
>> GET https://www.googletagmanager.com/gtag/js?id=G-2NCTT9GFHZ&cx=c&gtm=4e62b1
<< 200 https://www.googletagmanager.com/gtag/js?id=G-2NCTT9GFHZ&cx=c&gtm=4e62b1
>> GET https://x9.shinobi.jp/ufo/453134877
>> GET https://genieedmp.com/dmp.js?c=1979&ver=2
>> GET https://sc.g-cdn.net/tracker-i/main.js
>> GET https://www.google-analytics.com/analytics.js
<< 200 https://www.google-analytics.com/analytics.js
>> GET https://www.google-analytics.com/plugins/ua/linkid.js
<< 200 https://www.google-analytics.com/plugins/ua/linkid.js
>> GET https://genieedmp.com/dmp.js?c=1821
>> GET https://in.treasuredata.com/js/v3/event/surprisecrew_production/h_td_pageviews?api_key=10483%2F24240077c38c8ca9b2128445a441bd4b560a6d52&modified=1771158272151&data=eyJ0ZF9nbG9iYWxfaWQiOiJ0ZF9nbG9iYWxfaWQiLCJ1bmlxdWVJZCI6Ijg4OTAxNTI2OTcwNjgxMCIsIm1lbWJlcklkIjoiNjQ1MjEyNTgiLCJmaW5nZXJwcmludCI6IjY5MWI2ZTI2ZTBkZmJiYjgyYzQ0MjFlODc0MWI4ZDdlIiwicGFnZSI6InNwZnJvbnQiLCJ0ZF92ZXJzaW9uIjoiMi4xLjAiLCJ0ZF9jbGllbnRfaWQiOiI5ODVlZTE4Zi0zYmM3LTQ2NzEtODI5MC01YzhiNWZkNmM3ZGYiLCJ0ZF9jaGFyc2V0IjoidXRmLTgiLCJ0ZF9sYW5ndWFnZSI6ImVuLXVzIiwidGRfY29sb3IiOiIyNC1iaXQiLCJ0ZF9zY3JlZW4iOiIxMjgweDcyMCIsInRkX3ZpZXdwb3J0IjoiOTYweDAiLCJ0ZF90aXRsZSI6InJlZGlyZXQiLCJ0ZF9kZXNjcmlwdGlvbiI6IiIsInRkX3VybCI6Imh0dHBzOi8vd3d3LmNpdHloZWF2ZW4ubmV0L25paWdhdGEvQTE1MDEvQTE1MDEwMS9hcmFiaWFubmlnaHQvUzZTaGFyZVRvUmVzZXJ2YXRpb25Mb2dpbi8%2FZm9yd2FyZD1GMSZnaXJsX2lkPWR1bW15JnBjbW9kZT1zcCIsInRkX3VzZXJfYWdlbnQiOiJNb3ppbGxhLzUuMCAoV2luZG93cyBOVCAxMC4wOyBXaW42NDsgeDY0KSBBcHBsZVdlYktpdC81MzcuMzYgKEtIVE1MLCBsaWtlIEdlY2tvKSBDaHJvbWUvMTIxLjAuMC4wIFNhZmFyaS81MzcuMzYiLCJ0ZF9wbGF0Zm9ybSI6IkxpbnV4IHg4Nl82NCIsInRkX2hvc3QiOiJ3d3cuY2l0eWhlYXZlbi5uZXQiLCJ0ZF9wYXRoIjoiL25paWdhdGEvQTE1MDEvQTE1MDEwMS9hcmFiaWFubmlnaHQvUzZTaGFyZVRvUmVzZXJ2YXRpb25Mb2dpbi8iLCJ0ZF9yZWZlcnJlciI6Imh0dHBzOi8vd3d3LmNpdHloZWF2ZW4ubmV0L25paWdhdGEvQTE1MDEvQTE1MDEwMS9hcmFiaWFubmlnaHQvQTZTaG9wUmVzZXJ2YXRpb24vP2dpcmxfaWQ9ZHVtbXkiLCJ0ZF9pcCI6InRkX2lwIiwidGRfYnJvd3NlciI6InRkX2Jyb3dzZXIiLCJ0ZF9icm93c2VyX3ZlcnNpb24iOiJ0ZF9icm93c2VyX3ZlcnNpb24iLCJ0ZF9vcyI6InRkX29zIiwidGRfb3NfdmVyc2lvbiI6InRkX29zX3ZlcnNpb24ifQ%3D%3D&callback=TreasureJSONPCallback0
>> POST https://www.google-analytics.com/j/collect?v=1&_v=j102&a=1785443756&t=pageview&_s=1&dl=https%3A%2F%2Fwww.cityheaven.net%2Fniigata%2FA1501%2FA150101%2Farabiannight%2FS6ShareToReservationLogin%2F%3Fforward%3DF1%26girl_id%3Ddummy%26pcmode%3Dsp&ul=en-us&dt=rediret&sr=1280x720&vp=&_u=SCCAgAAjAAAAACAEC~&jid=&gjid=&cid=1423702861.1771155414&uid=889015269706810%3A64521258&tid=UA-50848508-5&_gid=19502839.1771155415&_slc=1&gtm=45He62b1n81TSS5SBWv76229786za200zd76229786&cd1=%E6%96%B0%E6%BD%9F&cd2=&cd3=%E6%96%B0%E6%BD%9F%E7%9C%8C&cd4=&cd5=&cd6=&cd7=889015269706810%3A64521258&cd9=Mozilla%2F5.0%20(Windows%20NT%2010.0%3B%20Win64%3B%20x64)%20AppleWebKit%2F537.36%20(KHTML%2C%20like%20Gecko)%20Chrome%2F121.0.0.0%20Safari%2F537.36&cd11=2026-02-15%2021%3A24%3A32&gcd=13l3l3l3l1l1&dma=0&tag_exp=103116026~103200004~104527906~104528501~104684208~104684211~115938465~115938468~116988315~117447493~117455673~117455675&cd12=1423702861.1771155414&z=287093543
<< 304 https://sc.g-cdn.net/tracker-i/main.js
>> GET https://sc.g-cdn.net/tracker/gsms.js
<< 302 https://x9.shinobi.jp/ufo/453134877
>> GET https://x9.shinobi.jp/fire?cid=453134877&v=1.1.1.f7114085519a197cae2ba4d92359d6b6
<< 200 https://www.google-analytics.com/j/collect?v=1&_v=j102&a=1785443756&t=pageview&_s=1&dl=https%3A%2F%2Fwww.cityheaven.net%2Fniigata%2FA1501%2FA150101%2Farabiannight%2FS6ShareToReservationLogin%2F%3Fforward%3DF1%26girl_id%3Ddummy%26pcmode%3Dsp&ul=en-us&dt=rediret&sr=1280x720&vp=&_u=SCCAgAAjAAAAACAEC~&jid=&gjid=&cid=1423702861.1771155414&uid=889015269706810%3A64521258&tid=UA-50848508-5&_gid=19502839.1771155415&_slc=1&gtm=45He62b1n81TSS5SBWv76229786za200zd76229786&cd1=%E6%96%B0%E6%BD%9F&cd2=&cd3=%E6%96%B0%E6%BD%9F%E7%9C%8C&cd4=&cd5=&cd6=&cd7=889015269706810%3A64521258&cd9=Mozilla%2F5.0%20(Windows%20NT%2010.0%3B%20Win64%3B%20x64)%20AppleWebKit%2F537.36%20(KHTML%2C%20like%20Gecko)%20Chrome%2F121.0.0.0%20Safari%2F537.36&cd11=2026-02-15%2021%3A24%3A32&gcd=13l3l3l3l1l1&dma=0&tag_exp=103116026~103200004~104527906~104528501~104684208~104684211~115938465~115938468~116988315~117447493~117455673~117455675&cd12=1423702861.1771155414&z=287093543
<< 200 https://x9.shinobi.jp/fire?cid=453134877&v=1.1.1.f7114085519a197cae2ba4d92359d6b6
>> GET https://dmp.im-apps.net/sdk/im-uid.js
<< 200 https://dmp.im-apps.net/sdk/im-uid.js
>> GET https://sync.shinobi.jp/v2/sync/ne?t=js&r=https%3A%2F%2Fx9.shinobi.jp%2Ftrack%3Fcid%3D453134877%26ref%3Dhttps%253A%252F%252Fwww.cityheaven.net%252Fniigata%252FA1501%252FA150101%252Farabiannight%252FA6ShopReservation%252F%253Fgirl_id%253Ddummy%26jsref%3Dhttps%253A%252F%252Fwww.cityheaven.net%252Fniigata%252FA1501%252FA150101%252Farabiannight%252FS6ShareToReservationLogin%252F%253Fforward%253DF1%2526girl_id%253Ddummy%2526pcmode%253Dsp%26time%3D1771158272242%26x9uid%3D7d86c8bd-b8f4-46c5-981d-9985dc54eefc%26imuid%3Dnull%26picked%3D%257B%2522453134877-351%2522%253A%257B%2522language%2522%253A%2522en-US%2522%252C%2522session_id%2522%253A%25223f2b0743-b4f3-4c2e-8110-9c2cc6e13a69%2522%257D%252C%2522453134877-585%2522%253A%257B%2522device%2522%253A%2522desktop%2522%252C%2522ad%2522%253A%2522none%2522%252C%2522language%2522%253A%2522en-US%2522%252C%2522session_id%2522%253A%25223f2b0743-b4f3-4c2e-8110-9c2cc6e13a69%2522%257D%252C%2522453134877-599%2522%253A%257B%2522language%2522%253A%2522en-US%2522%252C%2522session_id%2522%253A%25223f2b0743-b4f3-4c2e-8110-9c2cc6e13a69%2522%257D%257D%26callback%3D__chikayo__.callback.C_1771158272242_11%26uid%3D
<< 304 https://sc.g-cdn.net/tracker/gsms.js
<< 200 https://www.cityheaven.net/
>> POST https://analytics.google.com/g/collect?v=2&tid=G-2NCTT9GFHZ&gtm=45je62b1v894399366za20gzb76229786zd76229786&_p=1771158268069&gcd=13l3l3l3l1l1&npa=0&dma=0&cid=1423702861.1771155414&ul=en-us&sr=1280x720&uaa=x86&uab=64&uafvl=Not%253AA-Brand%3B99.0.0.0%7CHeadlessChrome%3B145.0.7632.6%7CChromium%3B145.0.7632.6&uamb=0&uam=&uap=Windows&uapv=10.0&uaw=0&are=1&frm=0&pscdl=noapi&_eu=AAAAAGQ&_s=2&tag_exp=103116026~103200004~104527907~104528500~104684208~104684211~115938466~115938468~116988316~117455673~117455675~117531288&sid=1771155414&sct=1&seg=1&dl=https%3A%2F%2Fwww.cityheaven.net%2Fniigata%2FA1501%2FA150101%2Farabiannight%2FA6ShopReservation%2F%3Fgirl_id%3Ddummy&dt=%E3%83%8D%E3%83%83%E3%83%88%E4%BA%88%E7%B4%84%EF%BC%9A%E6%B9%AF%E6%88%BF%E3%82%A2%E3%83%A9%E3%83%93%E3%82%A2%E3%83%B3%E3%83%8A%E3%82%A4%E3%83%88%EF%BC%88%E3%83%A6%E3%83%9C%E3%82%A6%E3%82%A2%E3%83%A9%E3%83%93%E3%82%A2%E3%83%B3%E3%83%8A%E3%82%A4%E3%83%88%EF%BC%89%20-%20%E6%96%B0%E6%BD%9F%E5%B8%82%2F%E3%82%BD%E3%83%BC%E3%83%97%EF%BD%9C%E3%82%B7%E3%83%86%E3%82%A3%E3%83%98%E3%83%96%E3%83%B3%E3%83%8D%E3%83%83%E3%83%88&en=user_engagement&ep.useragent=Mozilla%2F5.0%20(Windows%20NT%2010.0%3B%20Win64%3B%20x64)%20AppleWebKit%2F537.36%20(KHTML%2C%20like%20Gecko)%20Chrome%2F121.0.0.0%20Safari%2F537.36&ep.timestamp=2026-02-15%2021%3A24%3A29&ep.domain_name=www.cityheaven.net&ep.device_info=PC&ep.pageurl_noparam=www.cityheaven.net%2Fniigata%2FA1501%2FA150101%2Farabiannight%2FA6ShopReservation%2F&ep.pageurl_param=https%3A%2F%2Fwww.cityheaven.net%2Fniigata%2FA1501%2FA150101%2Farabiannight%2FA6ShopReservation%2F%3Fgirl_id%3Ddummy&_et=3150&tfd=6022
>> POST https://translate.googleapis.com/element/log?hasfast=true&authuser=0&format=json
>> POST https://analytics.google.com/g/collect?v=2&tid=G-2NCTT9GFHZ&gtm=45je62b1v894399366z876229786za20gzb76229786zd76229786&_p=1771158272035&gcd=13l3l3l3l1l1&npa=0&dma=0&cid=1423702861.1771155414&ul=en-us&sr=1280x720&uaa=x86&uab=64&uafvl=Not%253AA-Brand%3B99.0.0.0%7CHeadlessChrome%3B145.0.7632.6%7CChromium%3B145.0.7632.6&uamb=0&uam=&uap=Windows&uapv=10.0&uaw=0&are=1&frm=1&pscdl=noapi&_eu=AAAAAGQ&_s=1&tag_exp=103116026~103200004~104527906~104528501~104684208~104684211~115616986~115938465~115938469~116988316~117455673~117455675&sid=1771155414&sct=1&seg=1&dl=https%3A%2F%2Fwww.cityheaven.net%2Fniigata%2FA1501%2FA150101%2Farabiannight%2FS6ShareToReservationLogin%2F%3Fforward%3DF1%26girl_id%3Ddummy%26pcmode%3Dsp&dr=https%3A%2F%2Fwww.cityheaven.net%2Fniigata%2FA1501%2FA150101%2Farabiannight%2FA6ShopReservation%2F%3Fgirl_id%3Ddummy&dt=rediret&uid=64521258&en=page_view&ep.useragent=Mozilla%2F5.0%20(Windows%20NT%2010.0%3B%20Win64%3B%20x64)%20AppleWebKit%2F537.36%20(KHTML%2C%20like%20Gecko)%20Chrome%2F121.0.0.0%20Safari%2F537.36&ep.timestamp=2026-02-15%2021%3A24%3A32&ep.domain_name=www.cityheaven.net&ep.device_info=PC&ep.pageurl_noparam=www.cityheaven.net%2Fniigata%2FA1501%2FA150101%2Farabiannight%2FS6ShareToReservationLogin%2F&ep.pageurl_param=https%3A%2F%2Fwww.cityheaven.net%2Fniigata%2FA1501%2FA150101%2Farabiannight%2FS6ShareToReservationLogin%2F%3Fforward%3DF1%26girl_id%3Ddummy%26pcmode%3Dsp&ep.referrer_url=https%3A%2F%2Fwww.cityheaven.net%2Fniigata%2FA1501%2FA150101%2Farabiannight%2FA6ShopReservation%2F%3Fgirl_id%3Ddummy&ep.second_directoryname=niigata&ep.third_directoryname=A1501&ep.title_text=rediret&ep.area_name_incl_pref=%E6%96%B0%E6%BD%9F&ep.area_name=&ep.pref_code=%E6%96%B0%E6%BD%9F%E7%9C%8C&ep.other_area=&ep.store_decision=&ep.guide_content=&up.clientId=1423702861.1771155414.&up.sys_userId=889015269706810%3A64521258&up.memberId=64521258&up.commuIdList=&tfd=3952
>> GET https://img.cityheaven.net/pcfrontend_conventional/css/index2.css
>> GET https://img.cityheaven.net/pcfrontend_conventional/css/nenreicheck.css
>> GET https://img.cityheaven.net/img/icon/header/logo/all_index.gif?cache02=1560153527
>> GET https://img2.cityheaven.net/img/icon/accessory/entrance/r18.gif?cache02=1193659926&imgopt=y
>> GET https://img.cityheaven.net/img/banner/heaven_traveler_zenkoku_top_sp.jpg?cache02=1752800366
>> GET https://d-markets.net/markets/js/pjs.js
<< 200 https://d-markets.net/markets/js/pjs.js
>> GET https://ajax.googleapis.com/ajax/libs/jquery/1.10.1/jquery.min.js
>> GET https://img.cityheaven.net/img/yoyaku_map.png
>> GET https://img.cityheaven.net/img/zenkokutop-new/logo_z_girls.png
>> GET https://img.cityheaven.net/img/zenkokutop-new/logo_z_job.png
>> GET https://img.cityheaven.net/img/zenkokutop-new/logo_z_minkue.png
>> GET https://img.cityheaven.net/img/zenkokutop-new/logo_z_hotel.png
>> GET https://img.cityheaven.net/img/zenkokutop-new/logo_z_heaventtv.png
>> GET https://img.cityheaven.net/img/banner/heaven_traveler_link.png?cache02=1715741415
>> GET https://cdnjs.cloudflare.com/ajax/libs/fingerprintjs2/1.8.6/fingerprint2.min.js
<< 200 https://cdnjs.cloudflare.com/ajax/libs/fingerprintjs2/1.8.6/fingerprint2.min.js
>> GET https://img.cityheaven.net/pcfrontend_conventional/css/nenreicheck_smart.css
<< 200 https://img.cityheaven.net/pcfrontend_conventional/css/index2.css
<< 200 https://img2.cityheaven.net/img/icon/accessory/entrance/r18.gif?cache02=1193659926&imgopt=y
<< 200 https://img.cityheaven.net/pcfrontend_conventional/css/nenreicheck.css
<< 200 https://img.cityheaven.net/img/icon/header/logo/all_index.gif?cache02=1560153527
>> GET https://sc.sc-analytics.jp/sr.gif?d=r4550167540082.637
>> GET https://www.googletagmanager.com/gtm.js?id=GTM-TSS5SBW
<< 200 https://www.googletagmanager.com/gtm.js?id=GTM-TSS5SBW
PAGE LOG: A parser-blocking, cross site (i.e. different eTLD+1) script, https://d-markets.net/markets/p/js?_loc=1&_district=cm&_business=&_area=&_community=&_ref=https%3A//www.cityheaven.net/niigata/A1501/A150101/arabiannight/S6ShareToReservationLogin/%3Fforward%3DF1%26girl_id%3Ddummy%26pcmode%3Dsp&_login=1&_nocache=1771158272571, is invoked via document.write. The network request for this script MAY be blocked by the browser in this or a future page load due to poor network connectivity. If blocked in this page load, it will be confirmed in a subsequent console message. See https://www.chromestatus.com/feature/5718547946799104 for more details.
>> GET https://d-markets.net/markets/p/js?_loc=1&_district=cm&_business=&_area=&_community=&_ref=https%3A//www.cityheaven.net/niigata/A1501/A150101/arabiannight/S6ShareToReservationLogin/%3Fforward%3DF1%26girl_id%3Ddummy%26pcmode%3Dsp&_login=1&_nocache=1771158272571
PAGE LOG: A parser-blocking, cross site (i.e. different eTLD+1) script, https://d-markets.net/markets/p/js?_loc=1&_district=cm&_business=&_area=&_community=&_ref=https%3A//www.cityheaven.net/niigata/A1501/A150101/arabiannight/S6ShareToReservationLogin/%3Fforward%3DF1%26girl_id%3Ddummy%26pcmode%3Dsp&_login=1&_nocache=1771158272571, is invoked via document.write. The network request for this script MAY be blocked by the browser in this or a future page load due to poor network connectivity. If blocked in this page load, it will be confirmed in a subsequent console message. See https://www.chromestatus.com/feature/5718547946799104 for more details.
>> GET https://www.googletagmanager.com/gtag/js?id=G-2NCTT9GFHZ&cx=c&gtm=4e62b1
<< 200 https://www.googletagmanager.com/gtag/js?id=G-2NCTT9GFHZ&cx=c&gtm=4e62b1
>> GET https://x9.shinobi.jp/ufo/453134877
>> GET https://genieedmp.com/dmp.js?c=1979&ver=2
>> GET https://sc.g-cdn.net/tracker-i/main.js
>> GET https://www.google-analytics.com/analytics.js
<< 200 https://www.google-analytics.com/analytics.js
>> GET https://img.cityheaven.net/pcfrontend_conventional/img/icon/accessory/entrance/background.gif
>> GET https://www.google-analytics.com/plugins/ua/linkid.js
<< 200 https://www.google-analytics.com/plugins/ua/linkid.js
>> POST https://www.google-analytics.com/j/collect?v=1&_v=j102&a=1658016732&t=pageview&_s=1&dl=https%3A%2F%2Fwww.cityheaven.net%2F&ul=en-us&dt=%E3%82%B7%E3%83%86%E3%82%A3%E3%83%98%E3%83%96%E3%83%B3%E3%83%8D%E3%83%83%E3%83%88%20-%20%E3%83%A9%E3%83%B3%E3%82%AD%E3%83%B3%E3%82%B0%E3%81%A8%E5%8F%A3%E3%82%B3%E3%83%9F%E3%81%A7%E6%8E%A2%E3%81%9B%E3%82%8B%E9%A2%A8%E4%BF%97%E6%83%85%E5%A0%B1%E3%82%B5%E3%82%A4%E3%83%88&sr=1280x720&vp=1280x720&_u=SCCAgAAjAAAAACAEC~&jid=&gjid=&cid=1423702861.1771155414&uid=889015269706810%3A64521258&tid=UA-50848508-5&_gid=19502839.1771155415&_slc=1&gtm=45He62b1n81TSS5SBWv76229786za200zd76229786&cd1=&cd2=&cd3=&cd4=&cd5=%E5%B9%B4%E9%BD%A2%E8%AA%8D%E8%A8%BC&cd6=&cd7=889015269706810%3A64521258&cd9=Mozilla%2F5.0%20(Windows%20NT%2010.0%3B%20Win64%3B%20x64)%20AppleWebKit%2F537.36%20(KHTML%2C%20like%20Gecko)%20Chrome%2F121.0.0.0%20Safari%2F537.36&cd11=2026-02-15%2021%3A24%3A32&gcd=13l3l3l3l1l1&dma=0&tag_exp=103116026~103200004~104527907~104528500~104684208~104684211~115938465~115938468~116988315~117455673~117455675~117527104&cd12=1423702861.1771155414&z=861009962
<< 304 https://sc.g-cdn.net/tracker-i/main.js
<< 200 https://www.google-analytics.com/j/collect?v=1&_v=j102&a=1658016732&t=pageview&_s=1&dl=https%3A%2F%2Fwww.cityheaven.net%2F&ul=en-us&dt=%E3%82%B7%E3%83%86%E3%82%A3%E3%83%98%E3%83%96%E3%83%B3%E3%83%8D%E3%83%83%E3%83%88%20-%20%E3%83%A9%E3%83%B3%E3%82%AD%E3%83%B3%E3%82%B0%E3%81%A8%E5%8F%A3%E3%82%B3%E3%83%9F%E3%81%A7%E6%8E%A2%E3%81%9B%E3%82%8B%E9%A2%A8%E4%BF%97%E6%83%85%E5%A0%B1%E3%82%B5%E3%82%A4%E3%83%88&sr=1280x720&vp=1280x720&_u=SCCAgAAjAAAAACAEC~&jid=&gjid=&cid=1423702861.1771155414&uid=889015269706810%3A64521258&tid=UA-50848508-5&_gid=19502839.1771155415&_slc=1&gtm=45He62b1n81TSS5SBWv76229786za200zd76229786&cd1=&cd2=&cd3=&cd4=&cd5=%E5%B9%B4%E9%BD%A2%E8%AA%8D%E8%A8%BC&cd6=&cd7=889015269706810%3A64521258&cd9=Mozilla%2F5.0%20(Windows%20NT%2010.0%3B%20Win64%3B%20x64)%20AppleWebKit%2F537.36%20(KHTML%2C%20like%20Gecko)%20Chrome%2F121.0.0.0%20Safari%2F537.36&cd11=2026-02-15%2021%3A24%3A32&gcd=13l3l3l3l1l1&dma=0&tag_exp=103116026~103200004~104527907~104528500~104684208~104684211~115938465~115938468~116988315~117455673~117455675~117527104&cd12=1423702861.1771155414&z=861009962
<< 200 https://d-markets.net/markets/p/js?_loc=1&_district=cm&_business=&_area=&_community=&_ref=https%3A//www.cityheaven.net/niigata/A1501/A150101/arabiannight/S6ShareToReservationLogin/%3Fforward%3DF1%26girl_id%3Ddummy%26pcmode%3Dsp&_login=1&_nocache=1771158272571
>> GET https://img.cityheaven.net/img/adbanner2/adsv0001687637.jpg?cache02=20251215120304&imgopt=y
<< 200 https://img.cityheaven.net/img/yoyaku_map.png
<< 200 https://img.cityheaven.net/img/banner/heaven_traveler_zenkoku_top_sp.jpg?cache02=1752800366
PAGE LOG: A parser-blocking, cross site (i.e. different eTLD+1) script, https://d-markets.net/markets/p/js?_loc=600108001&_district=cm&_ref=https%3A//www.cityheaven.net/niigata/A1501/A150101/arabiannight/S6ShareToReservationLogin/%3Fforward%3DF1%26girl_id%3Ddummy%26pcmode%3Dsp&_login=1&_nocache=1771158272717, is invoked via document.write. The network request for this script MAY be blocked by the browser in this or a future page load due to poor network connectivity. If blocked in this page load, it will be confirmed in a subsequent console message. See https://www.chromestatus.com/feature/5718547946799104 for more details.
>> GET https://d-markets.net/markets/p/js?_loc=600108001&_district=cm&_ref=https%3A//www.cityheaven.net/niigata/A1501/A150101/arabiannight/S6ShareToReservationLogin/%3Fforward%3DF1%26girl_id%3Ddummy%26pcmode%3Dsp&_login=1&_nocache=1771158272717
PAGE LOG: A parser-blocking, cross site (i.e. different eTLD+1) script, https://d-markets.net/markets/p/js?_loc=600108001&_district=cm&_ref=https%3A//www.cityheaven.net/niigata/A1501/A150101/arabiannight/S6ShareToReservationLogin/%3Fforward%3DF1%26girl_id%3Ddummy%26pcmode%3Dsp&_login=1&_nocache=1771158272717, is invoked via document.write. The network request for this script MAY be blocked by the browser in this or a future page load due to poor network connectivity. If blocked in this page load, it will be confirmed in a subsequent console message. See https://www.chromestatus.com/feature/5718547946799104 for more details.
<< 302 https://x9.shinobi.jp/ufo/453134877
>> GET https://x9.shinobi.jp/fire?cid=453134877&v=1.1.1.f7114085519a197cae2ba4d92359d6b6
<< 200 https://x9.shinobi.jp/fire?cid=453134877&v=1.1.1.f7114085519a197cae2ba4d92359d6b6
<< 200 https://img.cityheaven.net/img/zenkokutop-new/logo_z_girls.png
<< 200 https://genieedmp.com/dmp.js?c=1979&ver=2
>> GET https://rt.gsspat.jp/n?v=1
<< 200 https://d-markets.net/markets/p/js?_loc=600108001&_district=cm&_ref=https%3A//www.cityheaven.net/niigata/A1501/A150101/arabiannight/S6ShareToReservationLogin/%3Fforward%3DF1%26girl_id%3Ddummy%26pcmode%3Dsp&_login=1&_nocache=1771158272717
<< 200 https://img.cityheaven.net/pcfrontend_conventional/img/icon/accessory/entrance/background.gif
<< 200 https://img.cityheaven.net/img/adbanner2/adsv0001687637.jpg?cache02=20251215120304&imgopt=y
<< 200 https://sc.sc-analytics.jp/sr.gif?d=r4550167540082.637
<< 200 https://img.cityheaven.net/img/zenkokutop-new/logo_z_job.png
<< 200 https://img.cityheaven.net/img/banner/heaven_traveler_link.png?cache02=1715741415
<< 200 https://img.cityheaven.net/img/zenkokutop-new/logo_z_minkue.png
<< 200 https://img.cityheaven.net/img/zenkokutop-new/logo_z_hotel.png
<< 200 https://img.cityheaven.net/img/zenkokutop-new/logo_z_heaventtv.png
<< 200 https://img.cityheaven.net/pcfrontend_conventional/css/nenreicheck_smart.css
<< 200 https://ajax.googleapis.com/ajax/libs/jquery/1.10.1/jquery.min.js
<< 200 https://rt.gsspat.jp/n?v=1
>> GET https://rt.gsspat.jp/m?cid=1979&loc=https%3A%2F%2Fwww.cityheaven.net%2F&ref=https%3A%2F%2Fwww.cityheaven.net%2Fniigata%2FA1501%2FA150101%2Farabiannight%2FS6ShareToReservationLogin%2F%3Fforward%3DF1%26girl_id%3Ddummy%26pcmode%3Dsp&dmp_v=2&cvars=
>> GET https://sc.sc-analytics.jp/l.min.js?s=r4550167540082.637
>> GET https://cdn.treasuredata.com/sdk/2.1/td.min.js
<< 200 https://cdn.treasuredata.com/sdk/2.1/td.min.js
PAGE LOG: [.WebGL-0x1c840013bc00]GL Driver Message (OpenGL, Performance, GL_CLOSE_PATH_NV, High): GPU stall due to ReadPixels
<< 200 https://rt.gsspat.jp/m?cid=1979&loc=https%3A%2F%2Fwww.cityheaven.net%2F&ref=https%3A%2F%2Fwww.cityheaven.net%2Fniigata%2FA1501%2FA150101%2Farabiannight%2FS6ShareToReservationLogin%2F%3Fforward%3DF1%26girl_id%3Ddummy%26pcmode%3Dsp&dmp_v=2&cvars=
>> GET https://rt.gsspat.jp/g?rtid=20757&j=1
>> GET https://rt.gsspat.jp/e/conversion/cvp.js?ver=2
>> GET https://sc.g-cdn.net/tracker/gsms.js
>> GET https://dmp.im-apps.net/sdk/im-uid.js
<< 200 https://dmp.im-apps.net/sdk/im-uid.js
>> GET https://sync.shinobi.jp/v2/sync/ne?t=js&r=https%3A%2F%2Fx9.shinobi.jp%2Ftrack%3Fcid%3D453134877%26ref%3Dhttps%253A%252F%252Fwww.cityheaven.net%252Fniigata%252FA1501%252FA150101%252Farabiannight%252FS6ShareToReservationLogin%252F%253Fforward%253DF1%2526girl_id%253Ddummy%2526pcmode%253Dsp%26jsref%3Dhttps%253A%252F%252Fwww.cityheaven.net%252F%26time%3D1771158274364%26x9uid%3D7d86c8bd-b8f4-46c5-981d-9985dc54eefc%26imuid%3Dnull%26picked%3D%257B%2522453134877-351%2522%253A%257B%2522language%2522%253A%2522en-US%2522%252C%2522session_id%2522%253A%25223f2b0743-b4f3-4c2e-8110-9c2cc6e13a69%2522%257D%252C%2522453134877-585%2522%253A%257B%2522device%2522%253A%2522desktop%2522%252C%2522ad%2522%253A%2522display%2522%252C%2522language%2522%253A%2522en-US%2522%252C%2522session_id%2522%253A%25223f2b0743-b4f3-4c2e-8110-9c2cc6e13a69%2522%257D%252C%2522453134877-599%2522%253A%257B%2522language%2522%253A%2522en-US%2522%252C%2522session_id%2522%253A%25223f2b0743-b4f3-4c2e-8110-9c2cc6e13a69%2522%257D%257D%26callback%3D__chikayo__.callback.C_1771158274363_7396%26uid%3D
>> GET https://genieedmp.com/dmp.js?c=1821
>> GET https://in.treasuredata.com/js/v3/event/surprisecrew_production/h_td_pageviews?api_key=10483%2F24240077c38c8ca9b2128445a441bd4b560a6d52&modified=1771158274383&data=eyJ0ZF9nbG9iYWxfaWQiOiJ0ZF9nbG9iYWxfaWQiLCJ1bmlxdWVJZCI6Ijg4OTAxNTI2OTcwNjgxMCIsIm1lbWJlcklkIjoiNjQ1MjEyNTgiLCJmaW5nZXJwcmludCI6IjY5MWI2ZTI2ZTBkZmJiYjgyYzQ0MjFlODc0MWI4ZDdlIiwicGFnZSI6InBjZnJvbnQiLCJ0ZF92ZXJzaW9uIjoiMi4xLjAiLCJ0ZF9jbGllbnRfaWQiOiI5ODVlZTE4Zi0zYmM3LTQ2NzEtODI5MC01YzhiNWZkNmM3ZGYiLCJ0ZF9jaGFyc2V0IjoidXRmLTgiLCJ0ZF9sYW5ndWFnZSI6ImVuLXVzIiwidGRfY29sb3IiOiIyNC1iaXQiLCJ0ZF9zY3JlZW4iOiIxMjgweDcyMCIsInRkX3ZpZXdwb3J0IjoiMTI4MHg3MjAiLCJ0ZF90aXRsZSI6IuOCt%2BODhuOCo%2BODmOODluODs%2BODjeODg%2BODiCAtIOODqeODs%2BOCreODs%2BOCsOOBqOWPo%2BOCs%2BODn%2BOBp%2BaOouOBm%2BOCi%2BmiqOS%2Fl%2BaDheWgseOCteOCpOODiCIsInRkX2Rlc2NyaXB0aW9uIjoi5pel5pys5pyA5aSn57Sa44Gu6aKo5L%2BX5oOF5aCx44K344OG44Kj44OY44OW44Oz44ON44OD44OI44Gv44Om44O844K244O844Gu5Y%2Bj44Kz44Of5Lu25pWwNSwzMTIsODA05Lu255m76Yyy5Lit77yB5YWo5Zu9OCw0MDDou5Lku6XkuIrjga7jgYrlupfjga7mnIDmlrDmg4XloLHjgpLmjrLovInjgZfjgabjgYTjgb7jgZnjgILjg6njg7Pjgq3jg7PjgrDjgoTpmZDlrprlhpnjg6Hml6XoqJjjgIHlibLlvJXmg4XloLHjgarjganjgYrlupfpgbjjgbPjga7lvbnjgavnq4vjgaTmg4XloLHjgYzmuoDovInvvIHjgYLjgarjgZ%2FjgavjgbTjgaPjgZ%2Fjgorjga7jgYrlupfjgYzmjqLjgZvjgb7jgZnjgIIiLCJ0ZF91cmwiOiJodHRwczovL3d3dy5jaXR5aGVhdmVuLm5ldC8iLCJ0ZF91c2VyX2FnZW50IjoiTW96aWxsYS81LjAgKFdpbmRvd3MgTlQgMTAuMDsgV2luNjQ7IHg2NCkgQXBwbGVXZWJLaXQvNTM3LjM2IChLSFRNTCwgbGlrZSBHZWNrbykgQ2hyb21lLzEyMS4wLjAuMCBTYWZhcmkvNTM3LjM2IiwidGRfcGxhdGZvcm0iOiJMaW51eCB4ODZfNjQiLCJ0ZF9ob3N0Ijoid3d3LmNpdHloZWF2ZW4ubmV0IiwidGRfcGF0aCI6Ii8iLCJ0ZF9yZWZlcnJlciI6Imh0dHBzOi8vd3d3LmNpdHloZWF2ZW4ubmV0L25paWdhdGEvQTE1MDEvQTE1MDEwMS9hcmFiaWFubmlnaHQvUzZTaGFyZVRvUmVzZXJ2YXRpb25Mb2dpbi8%2FZm9yd2FyZD1GMSZnaXJsX2lkPWR1bW15JnBjbW9kZT1zcCIsInRkX2lwIjoidGRfaXAiLCJ0ZF9icm93c2VyIjoidGRfYnJvd3NlciIsInRkX2Jyb3dzZXJfdmVyc2lvbiI6InRkX2Jyb3dzZXJfdmVyc2lvbiIsInRkX29zIjoidGRfb3MiLCJ0ZF9vc192ZXJzaW9uIjoidGRfb3NfdmVyc2lvbiJ9&callback=TreasureJSONPCallback0
<< 304 https://sc.g-cdn.net/tracker/gsms.js
<< 200 https://rt.gsspat.jp/e/conversion/cvp.js?ver=2
>> GET https://rt.gsspat.jp/d?id=14560&j=1&fp_gid=&geniee_cvc=&geniee_cvcid=
PAGE LOG: requestStorageAccess: Permission denied.
<< 302 https://sync.shinobi.jp/v2/sync/ne?t=js&r=https%3A%2F%2Fx9.shinobi.jp%2Ftrack%3Fcid%3D453134877%26ref%3Dhttps%253A%252F%252Fwww.cityheaven.net%252Fniigata%252FA1501%252FA150101%252Farabiannight%252FS6ShareToReservationLogin%252F%253Fforward%253DF1%2526girl_id%253Ddummy%2526pcmode%253Dsp%26jsref%3Dhttps%253A%252F%252Fwww.cityheaven.net%252F%26time%3D1771158274364%26x9uid%3D7d86c8bd-b8f4-46c5-981d-9985dc54eefc%26imuid%3Dnull%26picked%3D%257B%2522453134877-351%2522%253A%257B%2522language%2522%253A%2522en-US%2522%252C%2522session_id%2522%253A%25223f2b0743-b4f3-4c2e-8110-9c2cc6e13a69%2522%257D%252C%2522453134877-585%2522%253A%257B%2522device%2522%253A%2522desktop%2522%252C%2522ad%2522%253A%2522display%2522%252C%2522language%2522%253A%2522en-US%2522%252C%2522session_id%2522%253A%25223f2b0743-b4f3-4c2e-8110-9c2cc6e13a69%2522%257D%252C%2522453134877-599%2522%253A%257B%2522language%2522%253A%2522en-US%2522%252C%2522session_id%2522%253A%25223f2b0743-b4f3-4c2e-8110-9c2cc6e13a69%2522%257D%257D%26callback%3D__chikayo__.callback.C_1771158274363_7396%26uid%3D
>> GET https://x9.shinobi.jp/track?cid=453134877&ref=https%3A%2F%2Fwww.cityheaven.net%2Fniigata%2FA1501%2FA150101%2Farabiannight%2FS6ShareToReservationLogin%2F%3Fforward%3DF1%26girl_id%3Ddummy%26pcmode%3Dsp&jsref=https%3A%2F%2Fwww.cityheaven.net%2F&time=1771158274364&x9uid=7d86c8bd-b8f4-46c5-981d-9985dc54eefc&imuid=null&picked=%7B%22453134877-351%22%3A%7B%22language%22%3A%22en-US%22%2C%22session_id%22%3A%223f2b0743-b4f3-4c2e-8110-9c2cc6e13a69%22%7D%2C%22453134877-585%22%3A%7B%22device%22%3A%22desktop%22%2C%22ad%22%3A%22display%22%2C%22language%22%3A%22en-US%22%2C%22session_id%22%3A%223f2b0743-b4f3-4c2e-8110-9c2cc6e13a69%22%7D%2C%22453134877-599%22%3A%7B%22language%22%3A%22en-US%22%2C%22session_id%22%3A%223f2b0743-b4f3-4c2e-8110-9c2cc6e13a69%22%7D%7D&callback=__chikayo__.callback.C_1771158274363_7396&uid=439c4e3e-9f25-4871-bbac-b9ac6b14539e
<< 200 https://genieedmp.com/dmp.js?c=1821
>> GET https://rt.gsspat.jp/n?v=1
>> GET https://genieedmp.com/dmp.js?c=1561
<< 200 https://rt.gsspat.jp/g?rtid=20757&j=1
>> GET https://dmp.im-apps.net/sdk/rt.js
>> GET https://rt.gsspat.jp/e/trk/lcs.min.js
<< 302 https://rt.gsspat.jp/d?id=14560&j=1&fp_gid=&geniee_cvc=&geniee_cvcid=
>> GET https://tck.lmadps.jp/d?id=14560&j=1&redirect=1
<< 200 https://genieedmp.com/dmp.js?c=1561
>> GET https://rt.gsspat.jp/n?v=1
<< 200 https://dmp.im-apps.net/sdk/rt.js
>> GET https://dmp.im-apps.net/sdk/im-uid.js
<< 200 https://dmp.im-apps.net/sdk/im-uid.js
>> GET https://audiencedata.im-apps.net/imuid/get?cid=3929&vid=01KHGHDRW7Q0PKJRFJD6FGJFD7
<< 200 https://rt.gsspat.jp/e/trk/lcs.min.js
<< 200 https://x9.shinobi.jp/track?cid=453134877&ref=https%3A%2F%2Fwww.cityheaven.net%2Fniigata%2FA1501%2FA150101%2Farabiannight%2FS6ShareToReservationLogin%2F%3Fforward%3DF1%26girl_id%3Ddummy%26pcmode%3Dsp&jsref=https%3A%2F%2Fwww.cityheaven.net%2F&time=1771158274364&x9uid=7d86c8bd-b8f4-46c5-981d-9985dc54eefc&imuid=null&picked=%7B%22453134877-351%22%3A%7B%22language%22%3A%22en-US%22%2C%22session_id%22%3A%223f2b0743-b4f3-4c2e-8110-9c2cc6e13a69%22%7D%2C%22453134877-585%22%3A%7B%22device%22%3A%22desktop%22%2C%22ad%22%3A%22display%22%2C%22language%22%3A%22en-US%22%2C%22session_id%22%3A%223f2b0743-b4f3-4c2e-8110-9c2cc6e13a69%22%7D%2C%22453134877-599%22%3A%7B%22language%22%3A%22en-US%22%2C%22session_id%22%3A%223f2b0743-b4f3-4c2e-8110-9c2cc6e13a69%22%7D%7D&callback=__chikayo__.callback.C_1771158274363_7396&uid=439c4e3e-9f25-4871-bbac-b9ac6b14539e
>> GET https://x9.shinobi.jp/js-util/v2/bundle.js?v=20220117.1.20251222
<< 200 https://x9.shinobi.jp/js-util/v2/bundle.js?v=20220117.1.20251222
<< 200 https://sc.sc-analytics.jp/l.min.js?s=r4550167540082.637
>> GET https://sc.sc-analytics.jp/ch_run.php?r=c5aad61ebf495bba4932e196b4f41f25&ss=49e5d1591190e21d648c5aa79ab2948b&sn=2a32357f5d0d2fa34c360cf719038be8&rh=103.216.221.80&ref=https%3A%2F%2Fwww.cityheaven.net%2Fniigata%2FA1501%2FA150101%2Farabiannight%2FS6ShareToReservationLogin%2F%3Fforward%3DF1%26girl_id%3Ddummy%26pcmode%3Dsp&url=https%3A%2F%2Fwww.cityheaven.net%2F
<< 200 https://rt.gsspat.jp/n?v=1
>> GET https://rt.gsspat.jp/m?cid=1821&loc=https%3A%2F%2Fwww.cityheaven.net%2F&ref=https%3A%2F%2Fwww.cityheaven.net%2Fniigata%2FA1501%2FA150101%2Farabiannight%2FS6ShareToReservationLogin%2F%3Fforward%3DF1%26girl_id%3Ddummy%26pcmode%3Dsp&dmp_v=2&cvars=
<< 200 https://audiencedata.im-apps.net/imuid/get?cid=3929&vid=01KHGHDRW7Q0PKJRFJD6FGJFD7
<< 200 https://in.treasuredata.com/js/v3/event/surprisecrew_production/h_td_pageviews?api_key=10483%2F24240077c38c8ca9b2128445a441bd4b560a6d52&modified=1771158274383&data=eyJ0ZF9nbG9iYWxfaWQiOiJ0ZF9nbG9iYWxfaWQiLCJ1bmlxdWVJZCI6Ijg4OTAxNTI2OTcwNjgxMCIsIm1lbWJlcklkIjoiNjQ1MjEyNTgiLCJmaW5nZXJwcmludCI6IjY5MWI2ZTI2ZTBkZmJiYjgyYzQ0MjFlODc0MWI4ZDdlIiwicGFnZSI6InBjZnJvbnQiLCJ0ZF92ZXJzaW9uIjoiMi4xLjAiLCJ0ZF9jbGllbnRfaWQiOiI5ODVlZTE4Zi0zYmM3LTQ2NzEtODI5MC01YzhiNWZkNmM3ZGYiLCJ0ZF9jaGFyc2V0IjoidXRmLTgiLCJ0ZF9sYW5ndWFnZSI6ImVuLXVzIiwidGRfY29sb3IiOiIyNC1iaXQiLCJ0ZF9zY3JlZW4iOiIxMjgweDcyMCIsInRkX3ZpZXdwb3J0IjoiMTI4MHg3MjAiLCJ0ZF90aXRsZSI6IuOCt%2BODhuOCo%2BODmOODluODs%2BODjeODg%2BODiCAtIOODqeODs%2BOCreODs%2BOCsOOBqOWPo%2BOCs%2BODn%2BOBp%2BaOouOBm%2BOCi%2BmiqOS%2Fl%2BaDheWgseOCteOCpOODiCIsInRkX2Rlc2NyaXB0aW9uIjoi5pel5pys5pyA5aSn57Sa44Gu6aKo5L%2BX5oOF5aCx44K344OG44Kj44OY44OW44Oz44ON44OD44OI44Gv44Om44O844K244O844Gu5Y%2Bj44Kz44Of5Lu25pWwNSwzMTIsODA05Lu255m76Yyy5Lit77yB5YWo5Zu9OCw0MDDou5Lku6XkuIrjga7jgYrlupfjga7mnIDmlrDmg4XloLHjgpLmjrLovInjgZfjgabjgYTjgb7jgZnjgILjg6njg7Pjgq3jg7PjgrDjgoTpmZDlrprlhpnjg6Hml6XoqJjjgIHlibLlvJXmg4XloLHjgarjganjgYrlupfpgbjjgbPjga7lvbnjgavnq4vjgaTmg4XloLHjgYzmuoDovInvvIHjgYLjgarjgZ%2FjgavjgbTjgaPjgZ%2Fjgorjga7jgYrlupfjgYzmjqLjgZvjgb7jgZnjgIIiLCJ0ZF91cmwiOiJodHRwczovL3d3dy5jaXR5aGVhdmVuLm5ldC8iLCJ0ZF91c2VyX2FnZW50IjoiTW96aWxsYS81LjAgKFdpbmRvd3MgTlQgMTAuMDsgV2luNjQ7IHg2NCkgQXBwbGVXZWJLaXQvNTM3LjM2IChLSFRNTCwgbGlrZSBHZWNrbykgQ2hyb21lLzEyMS4wLjAuMCBTYWZhcmkvNTM3LjM2IiwidGRfcGxhdGZvcm0iOiJMaW51eCB4ODZfNjQiLCJ0ZF9ob3N0Ijoid3d3LmNpdHloZWF2ZW4ubmV0IiwidGRfcGF0aCI6Ii8iLCJ0ZF9yZWZlcnJlciI6Imh0dHBzOi8vd3d3LmNpdHloZWF2ZW4ubmV0L25paWdhdGEvQTE1MDEvQTE1MDEwMS9hcmFiaWFubmlnaHQvUzZTaGFyZVRvUmVzZXJ2YXRpb25Mb2dpbi8%2FZm9yd2FyZD1GMSZnaXJsX2lkPWR1bW15JnBjbW9kZT1zcCIsInRkX2lwIjoidGRfaXAiLCJ0ZF9icm93c2VyIjoidGRfYnJvd3NlciIsInRkX2Jyb3dzZXJfdmVyc2lvbiI6InRkX2Jyb3dzZXJfdmVyc2lvbiIsInRkX29zIjoidGRfb3MiLCJ0ZF9vc192ZXJzaW9uIjoidGRfb3NfdmVyc2lvbiJ9&callback=TreasureJSONPCallback0
>> GET https://b6.im-apps.net/3929/rt/20757/?vid=01KHGHDRW7Q0PKJRFJD6FGJFD7
<< 200 https://rt.gsspat.jp/n?v=1
>> GET https://rt.gsspat.jp/m?cid=1561&loc=https%3A%2F%2Fwww.cityheaven.net%2F&ref=https%3A%2F%2Fwww.cityheaven.net%2Fniigata%2FA1501%2FA150101%2Farabiannight%2FS6ShareToReservationLogin%2F%3Fforward%3DF1%26girl_id%3Ddummy%26pcmode%3Dsp&dmp_v=2&cvars=
<< 200 https://rt.gsspat.jp/m?cid=1821&loc=https%3A%2F%2Fwww.cityheaven.net%2F&ref=https%3A%2F%2Fwww.cityheaven.net%2Fniigata%2FA1501%2FA150101%2Farabiannight%2FS6ShareToReservationLogin%2F%3Fforward%3DF1%26girl_id%3Ddummy%26pcmode%3Dsp&dmp_v=2&cvars=
>> GET https://rt.gsspat.jp/g?rtid=21237&j=1
>> GET https://rt.gsspat.jp/g?rtid=24404&j=1
>> GET https://rt.gsspat.jp/g?rtid=24407&j=1
>> GET https://rt.gsspat.jp/g?rtid=24408&j=1
<< 200 https://rt.gsspat.jp/m?cid=1561&loc=https%3A%2F%2Fwww.cityheaven.net%2F&ref=https%3A%2F%2Fwww.cityheaven.net%2Fniigata%2FA1501%2FA150101%2Farabiannight%2FS6ShareToReservationLogin%2F%3Fforward%3DF1%26girl_id%3Ddummy%26pcmode%3Dsp&dmp_v=2&cvars=
>> GET https://rt.gsspat.jp/g?rtid=17436&j=1
>> GET https://rt.gsspat.jp/g?rtid=17437&j=1
>> GET https://rt.gsspat.jp/g?rtid=29678&j=1
>> GET https://rt.gsspat.jp/g?rtid=29679&j=1
>> GET https://rt.gsspat.jp/g?rtid=29680&j=1
>> GET https://rt.gsspat.jp/g?rtid=29681&j=1
>> GET https://rt.gsspat.jp/g?rtid=29682&j=1
>> GET https://rt.gsspat.jp/g?rtid=46414&j=1
>> GET https://rt.gsspat.jp/g?rtid=46589&j=1
>> GET https://rt.gsspat.jp/g?rtid=46590&j=1
>> GET https://rt.gsspat.jp/g?rtid=46591&j=1
>> GET https://rt.gsspat.jp/g?rtid=46592&j=1
>> GET https://rt.gsspat.jp/g?rtid=46593&j=1
>> GET https://rt.gsspat.jp/g?rtid=61784&j=1
>> GET https://rt.gsspat.jp/g?rtid=61785&j=1
>> GET https://rt.gsspat.jp/g?rtid=61786&j=1
>> GET https://rt.gsspat.jp/g?rtid=61787&j=1
<< 200 https://rt.gsspat.jp/g?rtid=24407&j=1
>> GET https://dmp.im-apps.net/sdk/rt.js
<< 200 https://dmp.im-apps.net/sdk/rt.js
>> GET https://rt.gsspat.jp/e/trk/lcs.min.js
<< 200 https://rt.gsspat.jp/e/trk/lcs.min.js
>> GET https://dmp.im-apps.net/sdk/im-uid.js
<< 200 https://dmp.im-apps.net/sdk/im-uid.js
>> GET https://b6.im-apps.net/3929/rt/24407/?vid=01KHGHDRW7Q0PKJRFJD6FGJFD7
<< 200 https://rt.gsspat.jp/g?rtid=24404&j=1
<< 200 https://rt.gsspat.jp/g?rtid=24408&j=1
>> GET https://b6.im-apps.net/3929/rt/24408/?vid=01KHGHDRW7Q0PKJRFJD6FGJFD7
>> GET https://b6.im-apps.net/3929/rt/24404/?vid=01KHGHDRW7Q0PKJRFJD6FGJFD7
<< 200 https://rt.gsspat.jp/g?rtid=21237&j=1
>> GET https://b6.im-apps.net/3929/rt/21237/?vid=01KHGHDRW7Q0PKJRFJD6FGJFD7
<< 200 https://rt.gsspat.jp/g?rtid=29678&j=1
>> GET https://dmp.im-apps.net/sdk/rt.js
<< 200 https://dmp.im-apps.net/sdk/rt.js
>> GET https://rt.gsspat.jp/e/trk/lcs.min.js
<< 200 https://rt.gsspat.jp/e/trk/lcs.min.js
>> GET https://dmp.im-apps.net/sdk/im-uid.js
<< 200 https://dmp.im-apps.net/sdk/im-uid.js
<< 200 https://rt.gsspat.jp/g?rtid=29682&j=1
>> GET https://b6.im-apps.net/3929/rt/29678/?vid=01KHGHDRW7Q0PKJRFJD6FGJFD7
<< 200 https://rt.gsspat.jp/g?rtid=46591&j=1
<< 200 https://rt.gsspat.jp/g?rtid=29681&j=1
<< 200 https://rt.gsspat.jp/g?rtid=17437&j=1
<< 200 https://rt.gsspat.jp/g?rtid=29679&j=1
<< 200 https://rt.gsspat.jp/g?rtid=46590&j=1
<< 200 https://rt.gsspat.jp/g?rtid=29680&j=1
<< 200 https://rt.gsspat.jp/g?rtid=17436&j=1
<< 200 https://rt.gsspat.jp/g?rtid=46414&j=1
<< 200 https://rt.gsspat.jp/g?rtid=46593&j=1
>> GET https://b6.im-apps.net/3929/rt/17437/?vid=01KHGHDRW7Q0PKJRFJD6FGJFD7
>> GET https://b6.im-apps.net/3929/rt/29681/?vid=01KHGHDRW7Q0PKJRFJD6FGJFD7
>> GET https://b6.im-apps.net/3929/rt/46591/?vid=01KHGHDRW7Q0PKJRFJD6FGJFD7
>> GET https://b6.im-apps.net/3929/rt/29682/?vid=01KHGHDRW7Q0PKJRFJD6FGJFD7
<< 200 https://rt.gsspat.jp/g?rtid=46592&j=1
>> GET https://b6.im-apps.net/3929/rt/46593/?vid=01KHGHDRW7Q0PKJRFJD6FGJFD7
>> GET https://b6.im-apps.net/3929/rt/46414/?vid=01KHGHDRW7Q0PKJRFJD6FGJFD7
>> GET https://b6.im-apps.net/3929/rt/17436/?vid=01KHGHDRW7Q0PKJRFJD6FGJFD7
>> GET https://b6.im-apps.net/3929/rt/29680/?vid=01KHGHDRW7Q0PKJRFJD6FGJFD7
>> GET https://b6.im-apps.net/3929/rt/46590/?vid=01KHGHDRW7Q0PKJRFJD6FGJFD7
>> GET https://b6.im-apps.net/3929/rt/29679/?vid=01KHGHDRW7Q0PKJRFJD6FGJFD7
<< 200 https://rt.gsspat.jp/g?rtid=46589&j=1
>> GET https://b6.im-apps.net/3929/rt/46592/?vid=01KHGHDRW7Q0PKJRFJD6FGJFD7
>> GET https://b6.im-apps.net/3929/rt/46589/?vid=01KHGHDRW7Q0PKJRFJD6FGJFD7
<< 200 https://tck.lmadps.jp/d?id=14560&j=1&redirect=1
<< 200 https://rt.gsspat.jp/g?rtid=61785&j=1
>> GET https://b6.im-apps.net/3929/rt/61785/?vid=01KHGHDRW7Q0PKJRFJD6FGJFD7
<< 200 https://rt.gsspat.jp/g?rtid=61784&j=1
<< 200 https://rt.gsspat.jp/g?rtid=61787&j=1
>> GET https://b6.im-apps.net/3929/rt/61787/?vid=01KHGHDRW7Q0PKJRFJD6FGJFD7
>> GET https://b6.im-apps.net/3929/rt/61784/?vid=01KHGHDRW7Q0PKJRFJD6FGJFD7
<< 200 https://rt.gsspat.jp/g?rtid=61786&j=1
>> GET https://b6.im-apps.net/3929/rt/61786/?vid=01KHGHDRW7Q0PKJRFJD6FGJFD7
<< 200 https://sc.sc-analytics.jp/ch_run.php?r=c5aad61ebf495bba4932e196b4f41f25&ss=49e5d1591190e21d648c5aa79ab2948b&sn=2a32357f5d0d2fa34c360cf719038be8&rh=103.216.221.80&ref=https%3A%2F%2Fwww.cityheaven.net%2Fniigata%2FA1501%2FA150101%2Farabiannight%2FS6ShareToReservationLogin%2F%3Fforward%3DF1%26girl_id%3Ddummy%26pcmode%3Dsp&url=https%3A%2F%2Fwww.cityheaven.net%2F
<< 200 https://b6.im-apps.net/3929/rt/20757/?vid=01KHGHDRW7Q0PKJRFJD6FGJFD7
<< 200 https://b6.im-apps.net/3929/rt/29678/?vid=01KHGHDRW7Q0PKJRFJD6FGJFD7
<< 200 https://b6.im-apps.net/3929/rt/24404/?vid=01KHGHDRW7Q0PKJRFJD6FGJFD7
<< 200 https://b6.im-apps.net/3929/rt/21237/?vid=01KHGHDRW7Q0PKJRFJD6FGJFD7
<< 200 https://b6.im-apps.net/3929/rt/24408/?vid=01KHGHDRW7Q0PKJRFJD6FGJFD7
<< 200 https://b6.im-apps.net/3929/rt/24407/?vid=01KHGHDRW7Q0PKJRFJD6FGJFD7
<< 200 https://b6.im-apps.net/3929/rt/29681/?vid=01KHGHDRW7Q0PKJRFJD6FGJFD7
<< 200 https://b6.im-apps.net/3929/rt/17437/?vid=01KHGHDRW7Q0PKJRFJD6FGJFD7
<< 200 https://b6.im-apps.net/3929/rt/46591/?vid=01KHGHDRW7Q0PKJRFJD6FGJFD7
<< 200 https://b6.im-apps.net/3929/rt/29682/?vid=01KHGHDRW7Q0PKJRFJD6FGJFD7
<< 200 https://b6.im-apps.net/3929/rt/46593/?vid=01KHGHDRW7Q0PKJRFJD6FGJFD7
<< 200 https://b6.im-apps.net/3929/rt/46414/?vid=01KHGHDRW7Q0PKJRFJD6FGJFD7
<< 200 https://b6.im-apps.net/3929/rt/17436/?vid=01KHGHDRW7Q0PKJRFJD6FGJFD7
<< 200 https://b6.im-apps.net/3929/rt/46590/?vid=01KHGHDRW7Q0PKJRFJD6FGJFD7
<< 200 https://b6.im-apps.net/3929/rt/29680/?vid=01KHGHDRW7Q0PKJRFJD6FGJFD7
<< 200 https://b6.im-apps.net/3929/rt/29679/?vid=01KHGHDRW7Q0PKJRFJD6FGJFD7
<< 200 https://b6.im-apps.net/3929/rt/46592/?vid=01KHGHDRW7Q0PKJRFJD6FGJFD7
<< 200 https://b6.im-apps.net/3929/rt/46589/?vid=01KHGHDRW7Q0PKJRFJD6FGJFD7
<< 200 https://b6.im-apps.net/3929/rt/61785/?vid=01KHGHDRW7Q0PKJRFJD6FGJFD7
<< 200 https://b6.im-apps.net/3929/rt/61787/?vid=01KHGHDRW7Q0PKJRFJD6FGJFD7
<< 200 https://b6.im-apps.net/3929/rt/61786/?vid=01KHGHDRW7Q0PKJRFJD6FGJFD7
<< 200 https://b6.im-apps.net/3929/rt/61784/?vid=01KHGHDRW7Q0PKJRFJD6FGJFD7
>> POST https://analytics.google.com/g/collect?v=2&tid=G-2NCTT9GFHZ&gtm=45je62b1v894399366z876229786za20gzb76229786zd76229786&_p=1771158272569&gcd=13l3l3l3l1l1&npa=0&dma=0&cid=1423702861.1771155414&ul=en-us&sr=1280x720&uaa=x86&uab=64&uafvl=Not%253AA-Brand%3B99.0.0.0%7CHeadlessChrome%3B145.0.7632.6%7CChromium%3B145.0.7632.6&uamb=0&uam=&uap=Windows&uapv=10.0&uaw=0&are=1&frm=0&pscdl=noapi&_eu=AAAAAGQ&_s=1&tag_exp=103116026~103200004~104527907~104528500~104684208~104684211~115938465~115938468~116988316~117455673~117455675~117527104&sid=1771155414&sct=1&seg=1&dl=https%3A%2F%2Fwww.cityheaven.net%2F&dr=https%3A%2F%2Fwww.cityheaven.net%2Fniigata%2FA1501%2FA150101%2Farabiannight%2FS6ShareToReservationLogin%2F%3Fforward%3DF1%26girl_id%3Ddummy%26pcmode%3Dsp&dt=%E3%82%B7%E3%83%86%E3%82%A3%E3%83%98%E3%83%96%E3%83%B3%E3%83%8D%E3%83%83%E3%83%88%20-%20%E3%83%A9%E3%83%B3%E3%82%AD%E3%83%B3%E3%82%B0%E3%81%A8%E5%8F%A3%E3%82%B3%E3%83%9F%E3%81%A7%E6%8E%A2%E3%81%9B%E3%82%8B%E9%A2%A8%E4%BF%97%E6%83%85%E5%A0%B1%E3%82%B5%E3%82%A4%E3%83%88&uid=64521258&tfd=5787
<< 204 https://analytics.google.com/g/collect?v=2&tid=G-2NCTT9GFHZ&gtm=45je62b1v894399366z876229786za20gzb76229786zd76229786&_p=1771158272569&gcd=13l3l3l3l1l1&npa=0&dma=0&cid=1423702861.1771155414&ul=en-us&sr=1280x720&uaa=x86&uab=64&uafvl=Not%253AA-Brand%3B99.0.0.0%7CHeadlessChrome%3B145.0.7632.6%7CChromium%3B145.0.7632.6&uamb=0&uam=&uap=Windows&uapv=10.0&uaw=0&are=1&frm=0&pscdl=noapi&_eu=AAAAAGQ&_s=1&tag_exp=103116026~103200004~104527907~104528500~104684208~104684211~115938465~115938468~116988316~117455673~117455675~117527104&sid=1771155414&sct=1&seg=1&dl=https%3A%2F%2Fwww.cityheaven.net%2F&dr=https%3A%2F%2Fwww.cityheaven.net%2Fniigata%2FA1501%2FA150101%2Farabiannight%2FS6ShareToReservationLogin%2F%3Fforward%3DF1%26girl_id%3Ddummy%26pcmode%3Dsp&dt=%E3%82%B7%E3%83%86%E3%82%A3%E3%83%98%E3%83%96%E3%83%B3%E3%83%8D%E3%83%83%E3%83%88%20-%20%E3%83%A9%E3%83%B3%E3%82%AD%E3%83%B3%E3%82%B0%E3%81%A8%E5%8F%A3%E3%82%B3%E3%83%9F%E3%81%A7%E6%8E%A2%E3%81%9B%E3%82%8B%E9%A2%A8%E4%BF%97%E6%83%85%E5%A0%B1%E3%82%B5%E3%82%A4%E3%83%88&uid=64521258&tfd=5787
No iframe found or timeout, checking main page...
Error waiting for table: page.waitForSelector: Timeout 20000ms exceeded.
Call log:
[2m  - waiting for locator('table') to be visible[22m

ARGV: [
  '/usr/bin/node-22',
  '/home/shantanav/Desktop/code/gigs/low-latency/javascript/reservation.js',
  'dummy'
]
>> GET https://www.cityheaven.net/js/calendar.js?202110141000
PAGE LOG: Mixed Content: The page at 'https://www.cityheaven.net/' was loaded over HTTPS, but requested an insecure resource 'http://img.cityheaven.net/cs/nenrei/'. This request has been blocked; the content must be served over HTTPS.
>> GET http://img.cityheaven.net/cs/nenrei/
Error fetching calendar.js: page.evaluate: TypeError: Failed to fetch
    at eval (eval at evaluate (:290:30), <anonymous>:2:40)
    at UtilityScript.evaluate (<anonymous>:292:16)
    at UtilityScript.<anonymous> (<anonymous>:1:44)
Checking week 1...
Timeout waiting for table cells.
No slots found in week 1.
No next week button found. Stopping.
No available slots found to proceed.
